  [4;36;1mSQL (0.2ms)[0m   [0;1mSET NAMES 'utf8'[0m
  [4;35;1mSQL (0.2ms)[0m   [0mSET SQL_AUTO_IS_NULL=0[0m


Processing Rails::InfoController#properties (for 127.0.0.1 at 2009-08-28 14:32:34) [GET]
  [4;36;1mSQL (18.7ms)[0m   [0;1mSHOW TABLES[0m
Completed in 228ms (View: 26, DB: 19) | 200 OK [http://localhost/rails/info/properties]
  [4;36;1mSQL (0.2ms)[0m   [0;1mSET NAMES 'utf8'[0m
  [4;35;1mSQL (0.2ms)[0m   [0mSET SQL_AUTO_IS_NULL=0[0m
  [4;36;1mSQL (0.4ms)[0m   [0;1mSHOW TABLES[0m
  [4;35;1mSQL (99.3ms)[0m   [0mCREATE TABLE `schema_migrations` (`version` varchar(255) NOT NULL) ENGINE=InnoDB[0m
  [4;36;1mSQL (9.6ms)[0m   [0;1mCREATE UNIQUE INDEX `unique_schema_migrations` ON `schema_migrations` (`version`)[0m
  [4;35;1mSQL (0.4ms)[0m   [0mSHOW TABLES[0m
  [4;36;1mSQL (0.4ms)[0m   [0;1mSHOW TABLES[0m
  [4;35;1mSQL (0.5ms)[0m   [0mSELECT version FROM schema_migrations[0m
  [4;36;1mSQL (0.4ms)[0m   [0;1mSHOW TABLES[0m
  [4;35;1mSQL (0.1ms)[0m   [0mSET NAMES 'utf8'[0m
  [4;36;1mSQL (0.2ms)[0m   [0;1mSET SQL_AUTO_IS_NULL=0[0m


Processing Rails::InfoController#properties (for 127.0.0.1 at 2009-08-28 14:43:11) [GET]
  [4;35;1mSQL (0.4ms)[0m   [0mSHOW TABLES[0m
  [4;36;1mSQL (0.2ms)[0m   [0;1mSELECT version FROM schema_migrations[0m
Completed in 31ms (View: 4, DB: 1) | 200 OK [http://localhost/rails/info/properties]
  [4;36;1mSQL (0.2ms)[0m   [0;1mSET NAMES 'utf8'[0m
  [4;35;1mSQL (0.2ms)[0m   [0mSET SQL_AUTO_IS_NULL=0[0m
  [4;36;1mSQL (0.5ms)[0m   [0;1mSHOW TABLES[0m
  [4;35;1mSQL (0.2ms)[0m   [0mSELECT version FROM schema_migrations[0m
Migrating to CreatePages (20090828064929)
  [4;36;1mSQL (6.6ms)[0m   [0;1mCREATE TABLE `pages` (`id` int(11) DEFAULT NULL auto_increment PRIMARY KEY, `title` varchar(255), `permalink` varchar(255), `body` text, `created_at` datetime, `updated_at` datetime) ENGINE=InnoDB[0m
  [4;35;1mPage Columns (49.3ms)[0m   [0mSHOW FIELDS FROM `pages`[0m
  [4;36;1mSQL (0.2ms)[0m   [0;1mBEGIN[0m
  [4;35;1mPage Create (0.4ms)[0m   [0mINSERT INTO `pages` (`permalink`, `created_at`, `title`, `body`, `updated_at`) VALUES('welcome-page', '2009-08-28 06:50:47', 'RailsCoders Home', 'Welcome to RailsCoders', '2009-08-28 06:50:47')[0m
  [4;36;1mSQL (7.4ms)[0m   [0;1mCOMMIT[0m
  [4;35;1mSQL (0.6ms)[0m   [0mINSERT INTO schema_migrations (version) VALUES ('20090828064929')[0m
  [4;36;1mSQL (0.4ms)[0m   [0;1mSHOW TABLES[0m
  [4;35;1mSQL (0.4ms)[0m   [0mSELECT version FROM schema_migrations[0m
  [4;36;1mSQL (0.4ms)[0m   [0;1mSHOW TABLES[0m
  [4;35;1mSQL (1.0ms)[0m   [0mSHOW FIELDS FROM `pages`[0m
  [4;36;1mSQL (1.0ms)[0m   [0;1mdescribe `pages`[0m
  [4;35;1mSQL (0.6ms)[0m   [0mSHOW KEYS FROM `pages`[0m
  [4;35;1mSQL (0.1ms)[0m   [0mSET NAMES 'utf8'[0m
  [4;36;1mSQL (0.2ms)[0m   [0;1mSET SQL_AUTO_IS_NULL=0[0m


Processing PagesController#index (for 127.0.0.1 at 2009-08-28 15:27:52) [GET]
  [4;35;1mPage Load (0.4ms)[0m   [0mSELECT * FROM `pages` [0m
Rendering pages/index
  [4;36;1mPage Columns (1.1ms)[0m   [0;1mSHOW FIELDS FROM `pages`[0m
Completed in 72ms (View: 61, DB: 2) | 200 OK [http://localhost/pages]
  [4;35;1mSQL (0.1ms)[0m   [0mSET NAMES 'utf8'[0m
  [4;36;1mSQL (0.2ms)[0m   [0;1mSET SQL_AUTO_IS_NULL=0[0m


Processing PagesController#index (for 127.0.0.1 at 2009-08-28 15:29:41) [GET]
  [4;35;1mPage Load (0.2ms)[0m   [0mSELECT * FROM `pages` [0m
Rendering pages/index
  [4;36;1mPage Columns (1.7ms)[0m   [0;1mSHOW FIELDS FROM `pages`[0m
Completed in 27ms (View: 7, DB: 2) | 200 OK [http://localhost/pages]
  [4;36;1mSQL (0.2ms)[0m   [0;1mSET NAMES 'utf8'[0m
  [4;35;1mSQL (0.2ms)[0m   [0mSET SQL_AUTO_IS_NULL=0[0m


Processing PagesController#index (for 127.0.0.1 at 2009-08-28 15:30:18) [GET]
  [4;36;1mPage Load (0.2ms)[0m   [0;1mSELECT * FROM `pages` [0m
Rendering pages/index
  [4;35;1mPage Columns (1.1ms)[0m   [0mSHOW FIELDS FROM `pages`[0m
Completed in 31ms (View: 16, DB: 2) | 200 OK [http://localhost/pages]
  [4;36;1mSQL (0.1ms)[0m   [0;1mSET NAMES 'utf8'[0m
  [4;35;1mSQL (2.6ms)[0m   [0mSET SQL_AUTO_IS_NULL=0[0m


Processing PagesController#index (for 127.0.0.1 at 2009-08-28 15:30:20) [GET]
  [4;36;1mPage Load (0.2ms)[0m   [0;1mSELECT * FROM `pages` [0m
Rendering pages/index
  [4;35;1mPage Columns (1.1ms)[0m   [0mSHOW FIELDS FROM `pages`[0m
Completed in 16ms (View: 5, DB: 4) | 200 OK [http://localhost/pages]
  [4;36;1mSQL (0.1ms)[0m   [0;1mSET NAMES 'utf8'[0m
  [4;35;1mSQL (0.2ms)[0m   [0mSET SQL_AUTO_IS_NULL=0[0m


Processing PagesController#index (for 127.0.0.1 at 2009-08-28 15:30:21) [GET]
  [4;36;1mPage Load (0.3ms)[0m   [0;1mSELECT * FROM `pages` [0m
Rendering pages/index
  [4;35;1mPage Columns (1.2ms)[0m   [0mSHOW FIELDS FROM `pages`[0m
Completed in 44ms (View: 5, DB: 2) | 200 OK [http://localhost/pages]
  [4;36;1mSQL (0.1ms)[0m   [0;1mSET NAMES 'utf8'[0m
  [4;35;1mSQL (0.2ms)[0m   [0mSET SQL_AUTO_IS_NULL=0[0m


Processing PagesController#index (for 127.0.0.1 at 2009-08-28 15:34:26) [GET]
  [4;36;1mPage Load (0.2ms)[0m   [0;1mSELECT * FROM `pages` [0m
Rendering template within layouts/application
Rendering pages/index
  [4;35;1mPage Columns (1.1ms)[0m   [0mSHOW FIELDS FROM `pages`[0m
Rendered layouts/_menu (1.0ms)
Completed in 113ms (View: 85, DB: 2) | 200 OK [http://localhost/pages]
  [4;36;1mSQL (0.1ms)[0m   [0;1mSET NAMES 'utf8'[0m
  [4;35;1mSQL (0.2ms)[0m   [0mSET SQL_AUTO_IS_NULL=0[0m


Processing PagesController#index (for 127.0.0.1 at 2009-08-28 15:47:17) [GET]
  [4;36;1mPage Load (0.2ms)[0m   [0;1mSELECT * FROM `pages` [0m
Rendering template within layouts/application
Rendering pages/index
ERROR: compiling _run_erb_app47views47pages47index46html46erb RAISED compile error
/home/woody/rails/railscoders/app/views/pages/index.html.erb:4: syntax error, unexpected ')', expecting tCOLON2 or '[' or '.'
...e.permalink, page_path(page) ).to_s); @output_buffer.concat ...
                              ^
Function body:           def _run_erb_app47views47pages47index46html46erb(local_assigns)
            old_output_buffer = output_buffer;;@output_buffer = '';  __in_erb_template=true ; @output_buffer.concat "<h2>ALL Pages</h2>\n<ul>\n  "

;  @pages.each do |page| ; @output_buffer.concat "\n     <li>"
; @output_buffer.concat(( page.permalink, page_path(page) ).to_s); @output_buffer.concat " : "; @output_buffer.concat(( page.title ).to_s); @output_buffer.concat "</li>\n  "
;  end ; @output_buffer.concat "\n</ul>\n"

; @output_buffer
          ensure
            self.output_buffer = old_output_buffer
          end
Backtrace: /home/woody/rails/railscoders/app/views/pages/index.html.erb:10:in `compile!'
/usr/lib/ruby/gems/1.8/gems/actionpack-2.3.3/lib/action_view/renderable.rb:61:in `compile'
/usr/lib/ruby/gems/1.8/gems/actionpack-2.3.3/lib/action_view/renderable.rb:28:in `render'
/usr/lib/ruby/gems/1.8/gems/actionpack-2.3.3/lib/action_view/template.rb:199:in `render_template'
/usr/lib/ruby/gems/1.8/gems/actionpack-2.3.3/lib/action_view/base.rb:260:in `render'
/usr/lib/ruby/gems/1.8/gems/actionpack-2.3.3/lib/action_view/base.rb:343:in `_render_with_layout'
/usr/lib/ruby/gems/1.8/gems/actionpack-2.3.3/lib/action_view/base.rb:257:in `render'
/usr/lib/ruby/gems/1.8/gems/actionpack-2.3.3/lib/action_controller/base.rb:1246:in `render_for_file'
/usr/lib/ruby/gems/1.8/gems/actionpack-2.3.3/lib/action_controller/base.rb:941:in `render_without_benchmark'
/usr/lib/ruby/gems/1.8/gems/actionpack-2.3.3/lib/action_controller/benchmarking.rb:51:in `render'
/usr/lib/ruby/gems/1.8/gems/activesupport-2.3.3/lib/active_support/core_ext/benchmark.rb:17:in `ms'
/usr/lib/ruby/1.8/benchmark.rb:308:in `realtime'
/usr/lib/ruby/gems/1.8/gems/activesupport-2.3.3/lib/active_support/core_ext/benchmark.rb:17:in `ms'
/usr/lib/ruby/gems/1.8/gems/actionpack-2.3.3/lib/action_controller/benchmarking.rb:51:in `render'
/usr/lib/ruby/gems/1.8/gems/actionpack-2.3.3/lib/action_controller/base.rb:1322:in `default_render'
/usr/lib/ruby/gems/1.8/gems/actionpack-2.3.3/lib/action_controller/base.rb:1328:in `perform_action_without_filters'
/usr/lib/ruby/gems/1.8/gems/actionpack-2.3.3/lib/action_controller/filters.rb:617:in `call_filters'
/usr/lib/ruby/gems/1.8/gems/actionpack-2.3.3/lib/action_controller/filters.rb:610:in `perform_action_without_benchmark'
/usr/lib/ruby/gems/1.8/gems/actionpack-2.3.3/lib/action_controller/benchmarking.rb:68:in `perform_action_without_rescue'
/usr/lib/ruby/gems/1.8/gems/activesupport-2.3.3/lib/active_support/core_ext/benchmark.rb:17:in `ms'
/usr/lib/ruby/1.8/benchmark.rb:308:in `realtime'
/usr/lib/ruby/gems/1.8/gems/activesupport-2.3.3/lib/active_support/core_ext/benchmark.rb:17:in `ms'
/usr/lib/ruby/gems/1.8/gems/actionpack-2.3.3/lib/action_controller/benchmarking.rb:68:in `perform_action_without_rescue'
/usr/lib/ruby/gems/1.8/gems/actionpack-2.3.3/lib/action_controller/rescue.rb:160:in `perform_action_without_flash'
/usr/lib/ruby/gems/1.8/gems/actionpack-2.3.3/lib/action_controller/flash.rb:146:in `perform_action'
/usr/lib/ruby/gems/1.8/gems/actionpack-2.3.3/lib/action_controller/base.rb:527:in `send'
/usr/lib/ruby/gems/1.8/gems/actionpack-2.3.3/lib/action_controller/base.rb:527:in `process_without_filters'
/usr/lib/ruby/gems/1.8/gems/actionpack-2.3.3/lib/action_controller/filters.rb:606:in `process'
/usr/lib/ruby/gems/1.8/gems/actionpack-2.3.3/lib/action_controller/base.rb:391:in `process'
/usr/lib/ruby/gems/1.8/gems/actionpack-2.3.3/lib/action_controller/base.rb:386:in `call'
/usr/lib/ruby/gems/1.8/gems/actionpack-2.3.3/lib/action_controller/routing/route_set.rb:434:in `call'
/usr/lib/ruby/gems/1.8/gems/actionpack-2.3.3/lib/action_controller/dispatcher.rb:88:in `dispatch'
/usr/lib/ruby/gems/1.8/gems/actionpack-2.3.3/lib/action_controller/dispatcher.rb:111:in `_call'
/usr/lib/ruby/gems/1.8/gems/actionpack-2.3.3/lib/action_controller/dispatcher.rb:82:in `initialize'
/usr/lib/ruby/gems/1.8/gems/activerecord-2.3.3/lib/active_record/query_cache.rb:29:in `call'
/usr/lib/ruby/gems/1.8/gems/activerecord-2.3.3/lib/active_record/query_cache.rb:29:in `call'
/usr/lib/ruby/gems/1.8/gems/activerecord-2.3.3/lib/active_record/connection_adapters/abstract/query_cache.rb:34:in `cache'
/usr/lib/ruby/gems/1.8/gems/activerecord-2.3.3/lib/active_record/query_cache.rb:9:in `cache'
/usr/lib/ruby/gems/1.8/gems/activerecord-2.3.3/lib/active_record/query_cache.rb:28:in `call'
/usr/lib/ruby/gems/1.8/gems/activerecord-2.3.3/lib/active_record/connection_adapters/abstract/connection_pool.rb:361:in `call'
/usr/lib/ruby/gems/1.8/gems/rack-1.0.0/lib/rack/head.rb:9:in `call'
/usr/lib/ruby/gems/1.8/gems/rack-1.0.0/lib/rack/methodoverride.rb:24:in `call'
/usr/lib/ruby/gems/1.8/gems/actionpack-2.3.3/lib/action_controller/params_parser.rb:15:in `call'
/usr/lib/ruby/gems/1.8/gems/actionpack-2.3.3/lib/action_controller/session/cookie_store.rb:93:in `call'
/usr/lib/ruby/gems/1.8/gems/actionpack-2.3.3/lib/action_controller/reloader.rb:29:in `call'
/usr/lib/ruby/gems/1.8/gems/actionpack-2.3.3/lib/action_controller/failsafe.rb:26:in `call'
/usr/lib/ruby/gems/1.8/gems/rack-1.0.0/lib/rack/lock.rb:11:in `call'
/usr/lib/ruby/gems/1.8/gems/rack-1.0.0/lib/rack/lock.rb:11:in `synchronize'
/usr/lib/ruby/gems/1.8/gems/rack-1.0.0/lib/rack/lock.rb:11:in `call'
/usr/lib/ruby/gems/1.8/gems/actionpack-2.3.3/lib/action_controller/dispatcher.rb:106:in `call'
/usr/lib/ruby/gems/1.8/gems/rails-2.3.3/lib/rails/rack/static.rb:31:in `call'
/usr/lib/ruby/gems/1.8/gems/rack-1.0.0/lib/rack/urlmap.rb:46:in `call'
/usr/lib/ruby/gems/1.8/gems/rack-1.0.0/lib/rack/urlmap.rb:40:in `each'
/usr/lib/ruby/gems/1.8/gems/rack-1.0.0/lib/rack/urlmap.rb:40:in `call'
/usr/lib/ruby/gems/1.8/gems/rails-2.3.3/lib/rails/rack/log_tailer.rb:17:in `call'
/usr/lib/ruby/gems/1.8/gems/rack-1.0.0/lib/rack/content_length.rb:13:in `call'
/usr/lib/ruby/gems/1.8/gems/rack-1.0.0/lib/rack/handler/webrick.rb:46:in `service'
/usr/lib/ruby/1.8/webrick/httpserver.rb:104:in `service'
/usr/lib/ruby/1.8/webrick/httpserver.rb:65:in `run'
/usr/lib/ruby/1.8/webrick/server.rb:173:in `start_thread'
/usr/lib/ruby/1.8/webrick/server.rb:162:in `start'
/usr/lib/ruby/1.8/webrick/server.rb:162:in `start_thread'
/usr/lib/ruby/1.8/webrick/server.rb:95:in `start'
/usr/lib/ruby/1.8/webrick/server.rb:92:in `each'
/usr/lib/ruby/1.8/webrick/server.rb:92:in `start'
/usr/lib/ruby/1.8/webrick/server.rb:23:in `start'
/usr/lib/ruby/1.8/webrick/server.rb:82:in `start'
/usr/lib/ruby/gems/1.8/gems/rack-1.0.0/lib/rack/handler/webrick.rb:13:in `run'
/usr/lib/ruby/gems/1.8/gems/rails-2.3.3/lib/commands/server.rb:111
/usr/local/lib/site_ruby/1.8/rubygems/custom_require.rb:31:in `gem_original_require'
/usr/local/lib/site_ruby/1.8/rubygems/custom_require.rb:31:in `require'
script/server:3

ActionView::TemplateError (compile error
/home/woody/rails/railscoders/app/views/pages/index.html.erb:4: syntax error, unexpected ')', expecting tCOLON2 or '[' or '.'
...e.permalink, page_path(page) ).to_s); @output_buffer.concat ...
                              ^) on line #4 of app/views/pages/index.html.erb:
1: <h2>ALL Pages</h2>
2: <ul>
3:   <% @pages.each do |page| %>
4:      <li><%= page.permalink, page_path(page) %> : <%= page.title %></li>
5:   <% end %>
6: </ul>

    app/views/pages/index.html.erb:10:in `compile!'
    /usr/lib/ruby/1.8/webrick/httpserver.rb:104:in `service'
    /usr/lib/ruby/1.8/webrick/httpserver.rb:65:in `run'
    /usr/lib/ruby/1.8/webrick/server.rb:173:in `start_thread'
    /usr/lib/ruby/1.8/webrick/server.rb:162:in `start'
    /usr/lib/ruby/1.8/webrick/server.rb:162:in `start_thread'
    /usr/lib/ruby/1.8/webrick/server.rb:95:in `start'
    /usr/lib/ruby/1.8/webrick/server.rb:92:in `each'
    /usr/lib/ruby/1.8/webrick/server.rb:92:in `start'
    /usr/lib/ruby/1.8/webrick/server.rb:23:in `start'
    /usr/lib/ruby/1.8/webrick/server.rb:82:in `start'

Rendered rescues/_trace (201.1ms)
Rendered rescues/_request_and_response (3.5ms)
Rendering rescues/layout (internal_server_error)
  [4;35;1mSQL (0.1ms)[0m   [0mSET NAMES 'utf8'[0m
  [4;36;1mSQL (0.2ms)[0m   [0;1mSET SQL_AUTO_IS_NULL=0[0m


Processing PagesController#index (for 127.0.0.1 at 2009-08-28 15:47:45) [GET]
  [4;35;1mPage Load (11.3ms)[0m   [0mSELECT * FROM `pages` [0m
Rendering template within layouts/application
Rendering pages/index
  [4;36;1mPage Columns (9.5ms)[0m   [0;1mSHOW FIELDS FROM `pages`[0m
Rendered layouts/_menu (0.2ms)
Completed in 55ms (View: 15, DB: 21) | 200 OK [http://localhost/pages]
  [4;35;1mSQL (0.1ms)[0m   [0mSET NAMES 'utf8'[0m
  [4;36;1mSQL (0.2ms)[0m   [0;1mSET SQL_AUTO_IS_NULL=0[0m


Processing PagesController#show (for 127.0.0.1 at 2009-08-28 15:47:51) [GET]
  Parameters: {"id"=>"1"}
Rendering template within layouts/application
Rendering pages/show
Rendered layouts/_menu (0.2ms)
Completed in 24ms (View: 21, DB: 0) | 200 OK [http://localhost/pages/1]
  [4;35;1mSQL (0.1ms)[0m   [0mSET NAMES 'utf8'[0m
  [4;36;1mSQL (0.2ms)[0m   [0;1mSET SQL_AUTO_IS_NULL=0[0m


Processing PagesController#index (for 127.0.0.1 at 2009-08-28 15:47:56) [GET]
  [4;35;1mPage Load (11.2ms)[0m   [0mSELECT * FROM `pages` [0m
Rendering template within layouts/application
Rendering pages/index
  [4;36;1mPage Columns (1.1ms)[0m   [0;1mSHOW FIELDS FROM `pages`[0m
Rendered layouts/_menu (0.2ms)
Completed in 51ms (View: 9, DB: 13) | 200 OK [http://localhost/pages]
  [4;35;1mSQL (0.1ms)[0m   [0mSET NAMES 'utf8'[0m
  [4;36;1mSQL (0.2ms)[0m   [0;1mSET SQL_AUTO_IS_NULL=0[0m


Processing PagesController#index (for 127.0.0.1 at 2009-08-28 15:57:28) [GET]
  [4;35;1mPage Load (0.2ms)[0m   [0mSELECT * FROM `pages` [0m
Rendering template within layouts/application
Rendering pages/index
  [4;36;1mPage Columns (1.1ms)[0m   [0;1mSHOW FIELDS FROM `pages`[0m
Rendered layouts/_menu (0.2ms)
Completed in 32ms (View: 10, DB: 2) | 200 OK [http://localhost/pages]
  [4;35;1mSQL (0.1ms)[0m   [0mSET NAMES 'utf8'[0m
  [4;36;1mSQL (0.2ms)[0m   [0;1mSET SQL_AUTO_IS_NULL=0[0m


Processing PagesController#show (for 127.0.0.1 at 2009-08-28 15:57:30) [GET]
  Parameters: {"id"=>"1"}

NameError (undefined local variable or method `arams' for #<PagesController:0xb75949c8>):
  app/controllers/pages_controller.rb:7:in `show'
  /usr/lib/ruby/1.8/webrick/httpserver.rb:104:in `service'
  /usr/lib/ruby/1.8/webrick/httpserver.rb:65:in `run'
  /usr/lib/ruby/1.8/webrick/server.rb:173:in `start_thread'
  /usr/lib/ruby/1.8/webrick/server.rb:162:in `start'
  /usr/lib/ruby/1.8/webrick/server.rb:162:in `start_thread'
  /usr/lib/ruby/1.8/webrick/server.rb:95:in `start'
  /usr/lib/ruby/1.8/webrick/server.rb:92:in `each'
  /usr/lib/ruby/1.8/webrick/server.rb:92:in `start'
  /usr/lib/ruby/1.8/webrick/server.rb:23:in `start'
  /usr/lib/ruby/1.8/webrick/server.rb:82:in `start'

Rendered rescues/_trace (95.4ms)
Rendered rescues/_request_and_response (0.6ms)
Rendering rescues/layout (internal_server_error)
  [4;35;1mSQL (0.1ms)[0m   [0mSET NAMES 'utf8'[0m
  [4;36;1mSQL (0.2ms)[0m   [0;1mSET SQL_AUTO_IS_NULL=0[0m


Processing PagesController#show (for 127.0.0.1 at 2009-08-28 15:57:59) [GET]
  Parameters: {"id"=>"1"}
  [4;35;1mPage Columns (4.3ms)[0m   [0mSHOW FIELDS FROM `pages`[0m
  [4;36;1mPage Load (47.5ms)[0m   [0;1mSELECT * FROM `pages` WHERE (`pages`.`id` = 1) [0m
Rendering template within layouts/application
Rendering pages/show
Rendered layouts/_menu (0.2ms)
Completed in 122ms (View: 15, DB: 52) | 200 OK [http://localhost/pages/1]
  [4;35;1mSQL (0.1ms)[0m   [0mSET NAMES 'utf8'[0m
  [4;36;1mSQL (0.2ms)[0m   [0;1mSET SQL_AUTO_IS_NULL=0[0m


Processing PagesController#index (for 127.0.0.1 at 2009-08-28 15:58:10) [GET]
  [4;35;1mPage Load (24.5ms)[0m   [0mSELECT * FROM `pages` [0m
Rendering template within layouts/application
Rendering pages/index
  [4;36;1mPage Columns (10.1ms)[0m   [0;1mSHOW FIELDS FROM `pages`[0m
Rendered layouts/_menu (15.1ms)
Completed in 110ms (View: 37, DB: 35) | 200 OK [http://localhost/pages]
  [4;35;1mSQL (0.1ms)[0m   [0mSET NAMES 'utf8'[0m
  [4;36;1mSQL (0.2ms)[0m   [0;1mSET SQL_AUTO_IS_NULL=0[0m


Processing PagesController#index (for 127.0.0.1 at 2009-08-28 15:58:12) [GET]
  [4;35;1mPage Load (21.0ms)[0m   [0mSELECT * FROM `pages` [0m
Rendering template within layouts/application
Rendering pages/index
  [4;36;1mPage Columns (1.1ms)[0m   [0;1mSHOW FIELDS FROM `pages`[0m
Rendered layouts/_menu (0.2ms)
Completed in 39ms (View: 8, DB: 22) | 200 OK [http://localhost/pages]
  [4;35;1mSQL (0.1ms)[0m   [0mSET NAMES 'utf8'[0m
  [4;36;1mSQL (0.2ms)[0m   [0;1mSET SQL_AUTO_IS_NULL=0[0m


Processing PagesController#index (for 127.0.0.1 at 2009-08-28 16:04:56) [GET]
  [4;35;1mPage Load (10.0ms)[0m   [0mSELECT * FROM `pages` [0m
Rendering template within layouts/application
Rendering pages/index
  [4;36;1mPage Columns (1.0ms)[0m   [0;1mSHOW FIELDS FROM `pages`[0m
Rendered layouts/_menu (0.2ms)
Completed in 53ms (View: 12, DB: 11) | 200 OK [http://localhost/pages]
  [4;35;1mSQL (0.1ms)[0m   [0mSET NAMES 'utf8'[0m
  [4;36;1mSQL (0.2ms)[0m   [0;1mSET SQL_AUTO_IS_NULL=0[0m


Processing PagesController#show (for 127.0.0.1 at 2009-08-28 16:04:59) [GET]
  Parameters: {"id"=>"1-welcome-page"}
  [4;35;1mPage Columns (1.1ms)[0m   [0mSHOW FIELDS FROM `pages`[0m
  [4;36;1mPage Load (0.2ms)[0m   [0;1mSELECT * FROM `pages` WHERE (`pages`.`id` = 1) [0m
Rendering template within layouts/application
Rendering pages/show
Rendered layouts/_menu (0.2ms)
Completed in 88ms (View: 7, DB: 2) | 200 OK [http://localhost/pages/1-welcome-page]
  [4;35;1mSQL (0.1ms)[0m   [0mSET NAMES 'utf8'[0m
  [4;36;1mSQL (0.2ms)[0m   [0;1mSET SQL_AUTO_IS_NULL=0[0m


Processing PagesController#index (for 127.0.0.1 at 2009-08-28 16:05:02) [GET]
  [4;35;1mPage Load (11.3ms)[0m   [0mSELECT * FROM `pages` [0m
Rendering template within layouts/application
Rendering pages/index
  [4;36;1mPage Columns (3.3ms)[0m   [0;1mSHOW FIELDS FROM `pages`[0m
Rendered layouts/_menu (0.3ms)
Completed in 30ms (View: 7, DB: 15) | 200 OK [http://localhost/pages]
  [4;35;1mSQL (0.1ms)[0m   [0mSET NAMES 'utf8'[0m
  [4;36;1mSQL (0.2ms)[0m   [0;1mSET SQL_AUTO_IS_NULL=0[0m


Processing PagesController#index (for 127.0.0.1 at 2009-08-28 16:34:34) [GET]
  [4;35;1mPage Load (0.2ms)[0m   [0mSELECT * FROM `pages` [0m
Rendering template within layouts/application
Rendering pages/index
  [4;36;1mPage Columns (1.6ms)[0m   [0;1mSHOW FIELDS FROM `pages`[0m
Rendered layouts/_menu (0.2ms)
Completed in 103ms (View: 92, DB: 2) | 200 OK [http://localhost/pages]
  [4;35;1mSQL (0.1ms)[0m   [0mSET NAMES 'utf8'[0m
  [4;36;1mSQL (0.2ms)[0m   [0;1mSET SQL_AUTO_IS_NULL=0[0m


Processing PagesController#new (for 127.0.0.1 at 2009-08-28 16:35:10) [GET]
  [4;35;1mPage Columns (11.4ms)[0m   [0mSHOW FIELDS FROM `pages`[0m
Rendering template within layouts/application
Rendering pages/new

ActionView::TemplateError (undefined method `error_message_for' for #<ActionView::Base:0xb75484ec>) on line #2 of app/views/pages/new.html.erb:
1: <h2>Create New Page</h2>
2: <%= error_message_for :page %>
3: 
4: <% form_for :page, :url => pages_url, :html => { :method => :post } do |f| -%>
5: 	<P>Title:<br /><%= f.text_field :title, :size => 60 %></p>

    app/views/pages/new.html.erb:2
    /usr/lib/ruby/1.8/webrick/httpserver.rb:104:in `service'
    /usr/lib/ruby/1.8/webrick/httpserver.rb:65:in `run'
    /usr/lib/ruby/1.8/webrick/server.rb:173:in `start_thread'
    /usr/lib/ruby/1.8/webrick/server.rb:162:in `start'
    /usr/lib/ruby/1.8/webrick/server.rb:162:in `start_thread'
    /usr/lib/ruby/1.8/webrick/server.rb:95:in `start'
    /usr/lib/ruby/1.8/webrick/server.rb:92:in `each'
    /usr/lib/ruby/1.8/webrick/server.rb:92:in `start'
    /usr/lib/ruby/1.8/webrick/server.rb:23:in `start'
    /usr/lib/ruby/1.8/webrick/server.rb:82:in `start'

Rendered rescues/_trace (73.0ms)
Rendered rescues/_request_and_response (0.5ms)
Rendering rescues/layout (internal_server_error)
  [4;36;1mSQL (0.1ms)[0m   [0;1mSET NAMES 'utf8'[0m
  [4;35;1mSQL (0.2ms)[0m   [0mSET SQL_AUTO_IS_NULL=0[0m


Processing PagesController#new (for 127.0.0.1 at 2009-08-28 16:35:47) [GET]
  [4;36;1mPage Columns (2.0ms)[0m   [0;1mSHOW FIELDS FROM `pages`[0m
Rendering template within layouts/application
Rendering pages/new
Rendered layouts/_menu (0.2ms)
Completed in 47ms (View: 17, DB: 2) | 200 OK [http://localhost/pages/new]
  [4;35;1mSQL (0.1ms)[0m   [0mSET NAMES 'utf8'[0m
  [4;36;1mSQL (0.2ms)[0m   [0;1mSET SQL_AUTO_IS_NULL=0[0m


Processing PagesController#index (for 127.0.0.1 at 2009-08-28 16:35:54) [GET]
  [4;35;1mPage Load (0.2ms)[0m   [0mSELECT * FROM `pages` [0m
Rendering template within layouts/application
Rendering pages/index
  [4;36;1mPage Columns (1.1ms)[0m   [0;1mSHOW FIELDS FROM `pages`[0m
Rendered layouts/_menu (0.2ms)
Completed in 30ms (View: 14, DB: 2) | 200 OK [http://localhost/pages]
/!\ FAILSAFE /!\  Fri Aug 28 17:17:33 +0800 2009
  Status: 500 Internal Server Error
  /home/woody/rails/railscoders/config/routes.rb:43: syntax error, unexpected ':', expecting kEND
  map.index '/' :controller => 'pages',
                 ^
/home/woody/rails/railscoders/config/routes.rb:43: syntax error, unexpected ',', expecting kEND
/home/woody/rails/railscoders/config/routes.rb:44: syntax error, unexpected ',', expecting kEND
    /usr/lib/ruby/gems/1.8/gems/activesupport-2.3.3/lib/active_support/dependencies.rb:145:in `load_without_new_constant_marking'
    /usr/lib/ruby/gems/1.8/gems/activesupport-2.3.3/lib/active_support/dependencies.rb:145:in `load'
    /usr/lib/ruby/gems/1.8/gems/activesupport-2.3.3/lib/active_support/dependencies.rb:521:in `new_constants_in'
    /usr/lib/ruby/gems/1.8/gems/activesupport-2.3.3/lib/active_support/dependencies.rb:145:in `load'
    /usr/lib/ruby/gems/1.8/gems/actionpack-2.3.3/lib/action_controller/routing/route_set.rb:286:in `load_routes!'
    /usr/lib/ruby/gems/1.8/gems/actionpack-2.3.3/lib/action_controller/routing/route_set.rb:286:in `each'
    /usr/lib/ruby/gems/1.8/gems/actionpack-2.3.3/lib/action_controller/routing/route_set.rb:286:in `load_routes!'
    /usr/lib/ruby/gems/1.8/gems/actionpack-2.3.3/lib/action_controller/routing/route_set.rb:266:in `load!'
    /usr/lib/ruby/gems/1.8/gems/actionpack-2.3.3/lib/action_controller/routing/route_set.rb:281:in `reload'
    /usr/lib/ruby/gems/1.8/gems/actionpack-2.3.3/lib/action_controller/dispatcher.rb:59:in `reload_application'
    /usr/lib/ruby/gems/1.8/gems/actionpack-2.3.3/lib/action_controller/reloader.rb:28:in `call'
    /usr/lib/ruby/gems/1.8/gems/actionpack-2.3.3/lib/action_controller/failsafe.rb:26:in `call'
    /usr/lib/ruby/gems/1.8/gems/rack-1.0.0/lib/rack/lock.rb:11:in `call'
    /usr/lib/ruby/gems/1.8/gems/rack-1.0.0/lib/rack/lock.rb:11:in `synchronize'
    /usr/lib/ruby/gems/1.8/gems/rack-1.0.0/lib/rack/lock.rb:11:in `call'
    /usr/lib/ruby/gems/1.8/gems/actionpack-2.3.3/lib/action_controller/dispatcher.rb:106:in `call'
    /usr/lib/ruby/gems/1.8/gems/rails-2.3.3/lib/rails/rack/static.rb:31:in `call'
    /usr/lib/ruby/gems/1.8/gems/rack-1.0.0/lib/rack/urlmap.rb:46:in `call'
    /usr/lib/ruby/gems/1.8/gems/rack-1.0.0/lib/rack/urlmap.rb:40:in `each'
    /usr/lib/ruby/gems/1.8/gems/rack-1.0.0/lib/rack/urlmap.rb:40:in `call'
    /usr/lib/ruby/gems/1.8/gems/rails-2.3.3/lib/rails/rack/log_tailer.rb:17:in `call'
    /usr/lib/ruby/gems/1.8/gems/rack-1.0.0/lib/rack/content_length.rb:13:in `call'
    /usr/lib/ruby/gems/1.8/gems/rack-1.0.0/lib/rack/handler/webrick.rb:46:in `service'
    /usr/lib/ruby/1.8/webrick/httpserver.rb:104:in `service'
    /usr/lib/ruby/1.8/webrick/httpserver.rb:65:in `run'
    /usr/lib/ruby/1.8/webrick/server.rb:173:in `start_thread'
    /usr/lib/ruby/1.8/webrick/server.rb:162:in `start'
    /usr/lib/ruby/1.8/webrick/server.rb:162:in `start_thread'
    /usr/lib/ruby/1.8/webrick/server.rb:95:in `start'
    /usr/lib/ruby/1.8/webrick/server.rb:92:in `each'
    /usr/lib/ruby/1.8/webrick/server.rb:92:in `start'
    /usr/lib/ruby/1.8/webrick/server.rb:23:in `start'
    /usr/lib/ruby/1.8/webrick/server.rb:82:in `start'
    /usr/lib/ruby/gems/1.8/gems/rack-1.0.0/lib/rack/handler/webrick.rb:13:in `run'
    /usr/lib/ruby/gems/1.8/gems/rails-2.3.3/lib/commands/server.rb:111
    /usr/local/lib/site_ruby/1.8/rubygems/custom_require.rb:31:in `gem_original_require'
    /usr/local/lib/site_ruby/1.8/rubygems/custom_require.rb:31:in `require'
    script/server:3
  [4;35;1mSQL (0.1ms)[0m   [0mSET NAMES 'utf8'[0m
  [4;36;1mSQL (0.2ms)[0m   [0;1mSET SQL_AUTO_IS_NULL=0[0m


Processing ApplicationController#index (for 127.0.0.1 at 2009-08-28 17:17:35) [GET]

ActionController::RoutingError (No route matches "/" with {:method=>:get}):
  /usr/lib/ruby/1.8/webrick/httpserver.rb:104:in `service'
  /usr/lib/ruby/1.8/webrick/httpserver.rb:65:in `run'
  /usr/lib/ruby/1.8/webrick/server.rb:173:in `start_thread'
  /usr/lib/ruby/1.8/webrick/server.rb:162:in `start'
  /usr/lib/ruby/1.8/webrick/server.rb:162:in `start_thread'
  /usr/lib/ruby/1.8/webrick/server.rb:95:in `start'
  /usr/lib/ruby/1.8/webrick/server.rb:92:in `each'
  /usr/lib/ruby/1.8/webrick/server.rb:92:in `start'
  /usr/lib/ruby/1.8/webrick/server.rb:23:in `start'
  /usr/lib/ruby/1.8/webrick/server.rb:82:in `start'

Rendering rescues/layout (not_found)
  [4;35;1mSQL (0.1ms)[0m   [0mSET NAMES 'utf8'[0m
  [4;36;1mSQL (0.2ms)[0m   [0;1mSET SQL_AUTO_IS_NULL=0[0m


Processing ApplicationController#index (for 127.0.0.1 at 2009-08-28 17:17:36) [GET]

ActionController::RoutingError (No route matches "/" with {:method=>:get}):
  /usr/lib/ruby/1.8/webrick/httpserver.rb:104:in `service'
  /usr/lib/ruby/1.8/webrick/httpserver.rb:65:in `run'
  /usr/lib/ruby/1.8/webrick/server.rb:173:in `start_thread'
  /usr/lib/ruby/1.8/webrick/server.rb:162:in `start'
  /usr/lib/ruby/1.8/webrick/server.rb:162:in `start_thread'
  /usr/lib/ruby/1.8/webrick/server.rb:95:in `start'
  /usr/lib/ruby/1.8/webrick/server.rb:92:in `each'
  /usr/lib/ruby/1.8/webrick/server.rb:92:in `start'
  /usr/lib/ruby/1.8/webrick/server.rb:23:in `start'
  /usr/lib/ruby/1.8/webrick/server.rb:82:in `start'

Rendering rescues/layout (not_found)
  [4;35;1mSQL (0.1ms)[0m   [0mSET NAMES 'utf8'[0m
  [4;36;1mSQL (0.2ms)[0m   [0;1mSET SQL_AUTO_IS_NULL=0[0m


Processing ApplicationController#index (for 127.0.0.1 at 2009-08-28 17:17:38) [GET]

ActionController::RoutingError (No route matches "/" with {:method=>:get}):
  /usr/lib/ruby/1.8/webrick/httpserver.rb:104:in `service'
  /usr/lib/ruby/1.8/webrick/httpserver.rb:65:in `run'
  /usr/lib/ruby/1.8/webrick/server.rb:173:in `start_thread'
  /usr/lib/ruby/1.8/webrick/server.rb:162:in `start'
  /usr/lib/ruby/1.8/webrick/server.rb:162:in `start_thread'
  /usr/lib/ruby/1.8/webrick/server.rb:95:in `start'
  /usr/lib/ruby/1.8/webrick/server.rb:92:in `each'
  /usr/lib/ruby/1.8/webrick/server.rb:92:in `start'
  /usr/lib/ruby/1.8/webrick/server.rb:23:in `start'
  /usr/lib/ruby/1.8/webrick/server.rb:82:in `start'

Rendering rescues/layout (not_found)
  [4;36;1mSQL (0.2ms)[0m   [0;1mSET NAMES 'utf8'[0m
  [4;35;1mSQL (0.2ms)[0m   [0mSET SQL_AUTO_IS_NULL=0[0m


Processing PagesController#show (for 127.0.0.1 at 2009-08-28 17:19:57) [GET]
  Parameters: {"id"=>"1-welcome-page"}
  [4;36;1mPage Columns (1.3ms)[0m   [0;1mSHOW FIELDS FROM `pages`[0m
  [4;35;1mPage Load (0.2ms)[0m   [0mSELECT * FROM `pages` WHERE (`pages`.`id` = 1) [0m
Rendering template within layouts/application
Rendering pages/show
Rendered layouts/_menu (0.9ms)
Completed in 106ms (View: 70, DB: 2) | 200 OK [http://localhost/]
  [4;36;1mSQL (0.1ms)[0m   [0;1mSET NAMES 'utf8'[0m
  [4;35;1mSQL (0.2ms)[0m   [0mSET SQL_AUTO_IS_NULL=0[0m


Processing PagesController#show (for 127.0.0.1 at 2009-08-28 17:19:59) [GET]
  Parameters: {"id"=>"1-welcome-page"}
  [4;36;1mPage Columns (1.1ms)[0m   [0;1mSHOW FIELDS FROM `pages`[0m
  [4;35;1mPage Load (0.2ms)[0m   [0mSELECT * FROM `pages` WHERE (`pages`.`id` = 1) [0m
Rendering template within layouts/application
Rendering pages/show
Rendered layouts/_menu (0.2ms)
Completed in 58ms (View: 7, DB: 2) | 200 OK [http://localhost/]
  [4;36;1mSQL (0.1ms)[0m   [0;1mSET NAMES 'utf8'[0m
  [4;35;1mSQL (0.2ms)[0m   [0mSET SQL_AUTO_IS_NULL=0[0m


Processing PagesController#index (for 127.0.0.1 at 2009-08-28 17:21:29) [GET]
  [4;36;1mPage Load (10.1ms)[0m   [0;1mSELECT * FROM `pages` [0m
Rendering template within layouts/application
Rendering pages/index
  [4;35;1mPage Columns (2.0ms)[0m   [0mSHOW FIELDS FROM `pages`[0m
Rendered layouts/_menu (0.2ms)
Completed in 127ms (View: 49, DB: 12) | 200 OK [http://localhost/pages]
  [4;36;1mSQL (0.1ms)[0m   [0;1mSET NAMES 'utf8'[0m
  [4;35;1mSQL (0.2ms)[0m   [0mSET SQL_AUTO_IS_NULL=0[0m


Processing PagesController#new (for 127.0.0.1 at 2009-08-28 17:21:33) [GET]
  [4;36;1mPage Columns (6.4ms)[0m   [0;1mSHOW FIELDS FROM `pages`[0m
Rendering template within layouts/application
Rendering pages/new
Rendered layouts/_menu (0.2ms)
Completed in 28ms (View: 12, DB: 7) | 200 OK [http://localhost/pages/new]
  [4;35;1mSQL (0.1ms)[0m   [0mSET NAMES 'utf8'[0m
  [4;36;1mSQL (0.2ms)[0m   [0;1mSET SQL_AUTO_IS_NULL=0[0m


Processing PagesController#create (for 127.0.0.1 at 2009-08-28 17:21:45) [POST]
  Parameters: {"commit"=>"Save", "authenticity_token"=>"0FPb7Op40pgFGHEszG9KqPorFxO+iZfenW3ez5rY4ig=", "page"=>{"body"=>"test pages.", "title"=>"test"}}
  [4;35;1mPage Columns (17.4ms)[0m   [0mSHOW FIELDS FROM `pages`[0m
  [4;36;1mSQL (0.2ms)[0m   [0;1mBEGIN[0m
  [4;35;1mPage Create (0.5ms)[0m   [0mINSERT INTO `pages` (`permalink`, `created_at`, `title`, `body`, `updated_at`) VALUES('test', '2009-08-28 09:21:45', 'test', 'test pages.', '2009-08-28 09:21:45')[0m
  [4;36;1mSQL (26.8ms)[0m   [0;1mCOMMIT[0m
Redirected to http://localhost:3000/pages
Completed in 72ms (DB: 45) | 302 Found [http://localhost/pages]
  [4;35;1mSQL (0.1ms)[0m   [0mSET NAMES 'utf8'[0m
  [4;36;1mSQL (0.2ms)[0m   [0;1mSET SQL_AUTO_IS_NULL=0[0m


Processing PagesController#index (for 127.0.0.1 at 2009-08-28 17:21:45) [GET]
  [4;35;1mPage Load (16.5ms)[0m   [0mSELECT * FROM `pages` [0m
Rendering template within layouts/application
Rendering pages/index
  [4;36;1mPage Columns (1.1ms)[0m   [0;1mSHOW FIELDS FROM `pages`[0m
Rendered layouts/_menu (0.2ms)
Completed in 54ms (View: 22, DB: 18) | 200 OK [http://localhost/pages]
  [4;35;1mSQL (0.1ms)[0m   [0mSET NAMES 'utf8'[0m
  [4;36;1mSQL (0.1ms)[0m   [0;1mSET SQL_AUTO_IS_NULL=0[0m


Processing PagesController#edit (for 127.0.0.1 at 2009-08-28 17:25:03) [GET]
  Parameters: {"id"=>"2-test"}
  [4;35;1mPage Columns (1.0ms)[0m   [0mSHOW FIELDS FROM `pages`[0m
  [4;36;1mPage Load (0.5ms)[0m   [0;1mSELECT * FROM `pages` WHERE (`pages`.`id` = 2) [0m
Rendering template within layouts/application
Rendering pages/edit
Rendered layouts/_menu (0.2ms)
Completed in 135ms (View: 21, DB: 2) | 200 OK [http://localhost/pages/2-test/edit]
  [4;35;1mSQL (0.1ms)[0m   [0mSET NAMES 'utf8'[0m
  [4;36;1mSQL (0.1ms)[0m   [0;1mSET SQL_AUTO_IS_NULL=0[0m


Processing PagesController#update (for 127.0.0.1 at 2009-08-28 17:25:08) [PUT]
  Parameters: {"commit"=>"Save", "authenticity_token"=>"0FPb7Op40pgFGHEszG9KqPorFxO+iZfenW3ez5rY4ig=", "id"=>"2-test", "page"=>{"body"=>"test pages.", "title"=>"Test"}}
  [4;35;1mPage Columns (13.2ms)[0m   [0mSHOW FIELDS FROM `pages`[0m
  [4;36;1mPage Load (0.2ms)[0m   [0;1mSELECT * FROM `pages` WHERE (`pages`.`id` = 2) [0m
  [4;35;1mSQL (0.1ms)[0m   [0mBEGIN[0m
  [4;36;1mPage Update (57.8ms)[0m   [0;1mUPDATE `pages` SET `updated_at` = '2009-08-28 09:25:08', `title` = 'Test' WHERE `id` = 2[0m
  [4;35;1mSQL (9.0ms)[0m   [0mCOMMIT[0m
Redirected to http://localhost:3000/pages
Completed in 96ms (DB: 80) | 302 Found [http://localhost/pages/2-test]
  [4;36;1mSQL (0.1ms)[0m   [0;1mSET NAMES 'utf8'[0m
  [4;35;1mSQL (0.1ms)[0m   [0mSET SQL_AUTO_IS_NULL=0[0m


Processing PagesController#index (for 127.0.0.1 at 2009-08-28 17:25:09) [GET]
  [4;36;1mPage Load (0.4ms)[0m   [0;1mSELECT * FROM `pages` [0m
Rendering template within layouts/application
Rendering pages/index
  [4;35;1mPage Columns (1.1ms)[0m   [0mSHOW FIELDS FROM `pages`[0m
Rendered layouts/_menu (0.2ms)
Completed in 40ms (View: 9, DB: 2) | 200 OK [http://localhost/pages]
  [4;36;1mSQL (0.1ms)[0m   [0;1mSET NAMES 'utf8'[0m
  [4;35;1mSQL (0.1ms)[0m   [0mSET SQL_AUTO_IS_NULL=0[0m


Processing PagesController#show (for 127.0.0.1 at 2009-08-28 17:25:12) [GET]
  Parameters: {"id"=>"2-test"}
  [4;36;1mPage Columns (4.9ms)[0m   [0;1mSHOW FIELDS FROM `pages`[0m
  [4;35;1mPage Load (0.4ms)[0m   [0mSELECT * FROM `pages` WHERE (`pages`.`id` = 2) [0m
Rendering template within layouts/application
Rendering pages/show
Rendered layouts/_menu (0.2ms)
Completed in 51ms (View: 7, DB: 6) | 200 OK [http://localhost/pages/2-test]
  [4;36;1mSQL (0.1ms)[0m   [0;1mSET NAMES 'utf8'[0m
  [4;35;1mSQL (0.1ms)[0m   [0mSET SQL_AUTO_IS_NULL=0[0m


Processing PagesController#show (for 127.0.0.1 at 2009-08-28 17:25:14) [GET]
  Parameters: {"id"=>"1-welcome-page"}
  [4;36;1mPage Columns (4.5ms)[0m   [0;1mSHOW FIELDS FROM `pages`[0m
  [4;35;1mPage Load (0.4ms)[0m   [0mSELECT * FROM `pages` WHERE (`pages`.`id` = 1) [0m
Rendering template within layouts/application
Rendering pages/show
Rendered layouts/_menu (0.2ms)
Completed in 24ms (View: 7, DB: 5) | 200 OK [http://localhost/]
  [4;36;1mSQL (0.1ms)[0m   [0;1mSET NAMES 'utf8'[0m
  [4;35;1mSQL (0.1ms)[0m   [0mSET SQL_AUTO_IS_NULL=0[0m


Processing PagesController#index (for 127.0.0.1 at 2009-08-28 17:25:19) [GET]
  [4;36;1mPage Load (0.2ms)[0m   [0;1mSELECT * FROM `pages` [0m
Rendering template within layouts/application
Rendering pages/index
  [4;35;1mPage Columns (1.0ms)[0m   [0mSHOW FIELDS FROM `pages`[0m
Rendered layouts/_menu (0.2ms)
Completed in 110ms (View: 31, DB: 2) | 200 OK [http://localhost/pages]
  [4;36;1mSQL (0.1ms)[0m   [0;1mSET NAMES 'utf8'[0m
  [4;35;1mSQL (0.1ms)[0m   [0mSET SQL_AUTO_IS_NULL=0[0m


Processing PagesController#edit (for 127.0.0.1 at 2009-08-28 17:25:20) [GET]
  Parameters: {"id"=>"2-test"}
  [4;36;1mPage Columns (5.8ms)[0m   [0;1mSHOW FIELDS FROM `pages`[0m
  [4;35;1mPage Load (0.2ms)[0m   [0mSELECT * FROM `pages` WHERE (`pages`.`id` = 2) [0m
Rendering template within layouts/application
Rendering pages/edit
Rendered layouts/_menu (0.2ms)
Completed in 29ms (View: 9, DB: 6) | 200 OK [http://localhost/pages/2-test/edit]
  [4;36;1mSQL (0.1ms)[0m   [0;1mSET NAMES 'utf8'[0m
  [4;35;1mSQL (0.1ms)[0m   [0mSET SQL_AUTO_IS_NULL=0[0m


Processing PagesController#update (for 127.0.0.1 at 2009-08-28 17:25:50) [PUT]
  Parameters: {"commit"=>"Save", "authenticity_token"=>"0FPb7Op40pgFGHEszG9KqPorFxO+iZfenW3ez5rY4ig=", "id"=>"2-test", "page"=>{"body"=>"test pages.", "title"=>"woody"}}
  [4;36;1mPage Columns (1.1ms)[0m   [0;1mSHOW FIELDS FROM `pages`[0m
  [4;35;1mPage Load (0.2ms)[0m   [0mSELECT * FROM `pages` WHERE (`pages`.`id` = 2) [0m
  [4;36;1mSQL (0.1ms)[0m   [0;1mBEGIN[0m
  [4;35;1mPage Update (0.5ms)[0m   [0mUPDATE `pages` SET `updated_at` = '2009-08-28 09:25:50', `title` = 'woody' WHERE `id` = 2[0m
  [4;36;1mSQL (4.5ms)[0m   [0;1mCOMMIT[0m
Redirected to http://localhost:3000/pages
Completed in 65ms (DB: 7) | 302 Found [http://localhost/pages/2-test]
  [4;35;1mSQL (0.1ms)[0m   [0mSET NAMES 'utf8'[0m
  [4;36;1mSQL (0.1ms)[0m   [0;1mSET SQL_AUTO_IS_NULL=0[0m


Processing PagesController#index (for 127.0.0.1 at 2009-08-28 17:25:50) [GET]
  [4;35;1mPage Load (0.4ms)[0m   [0mSELECT * FROM `pages` [0m
Rendering template within layouts/application
Rendering pages/index
  [4;36;1mPage Columns (2.0ms)[0m   [0;1mSHOW FIELDS FROM `pages`[0m
Rendered layouts/_menu (0.2ms)
Completed in 26ms (View: 11, DB: 3) | 200 OK [http://localhost/pages]
  [4;35;1mSQL (0.1ms)[0m   [0mSET NAMES 'utf8'[0m
  [4;36;1mSQL (0.2ms)[0m   [0;1mSET SQL_AUTO_IS_NULL=0[0m


Processing PagesController#show (for 127.0.0.1 at 2009-08-28 17:26:29) [GET]
  Parameters: {"id"=>"2-test"}
  [4;35;1mPage Columns (1.0ms)[0m   [0mSHOW FIELDS FROM `pages`[0m
  [4;36;1mPage Load (0.5ms)[0m   [0;1mSELECT * FROM `pages` WHERE (`pages`.`id` = 2) [0m
Rendering template within layouts/application
Rendering pages/show
Rendered layouts/_menu (0.2ms)
Completed in 25ms (View: 11, DB: 2) | 200 OK [http://localhost/pages/2-test]
  [4;35;1mSQL (0.1ms)[0m   [0mSET NAMES 'utf8'[0m
  [4;36;1mSQL (0.2ms)[0m   [0;1mSET SQL_AUTO_IS_NULL=0[0m


Processing PagesController#edit (for 127.0.0.1 at 2009-08-28 17:26:32) [GET]
  Parameters: {"id"=>"2-test"}
  [4;35;1mPage Columns (1.1ms)[0m   [0mSHOW FIELDS FROM `pages`[0m
  [4;36;1mPage Load (0.2ms)[0m   [0;1mSELECT * FROM `pages` WHERE (`pages`.`id` = 2) [0m
Rendering template within layouts/application
Rendering pages/edit
Rendered layouts/_menu (0.2ms)
Completed in 43ms (View: 8, DB: 2) | 200 OK [http://localhost/pages/2-test/edit]
  [4;35;1mSQL (0.1ms)[0m   [0mSET NAMES 'utf8'[0m
  [4;36;1mSQL (0.1ms)[0m   [0;1mSET SQL_AUTO_IS_NULL=0[0m


Processing PagesController#update (for 127.0.0.1 at 2009-08-28 17:26:47) [PUT]
  Parameters: {"commit"=>"Save", "authenticity_token"=>"0FPb7Op40pgFGHEszG9KqPorFxO+iZfenW3ez5rY4ig=", "id"=>"2-test", "page"=>{"body"=>"This is test pages.", "title"=>"woody"}}
  [4;35;1mPage Columns (1.1ms)[0m   [0mSHOW FIELDS FROM `pages`[0m
  [4;36;1mPage Load (0.2ms)[0m   [0;1mSELECT * FROM `pages` WHERE (`pages`.`id` = 2) [0m
  [4;35;1mSQL (0.1ms)[0m   [0mBEGIN[0m
  [4;36;1mPage Update (0.5ms)[0m   [0;1mUPDATE `pages` SET `updated_at` = '2009-08-28 09:26:47', `body` = 'This is test pages.' WHERE `id` = 2[0m
  [4;35;1mSQL (3.8ms)[0m   [0mCOMMIT[0m
Redirected to http://localhost:3000/pages
Completed in 52ms (DB: 6) | 302 Found [http://localhost/pages/2-test]
  [4;36;1mSQL (0.1ms)[0m   [0;1mSET NAMES 'utf8'[0m
  [4;35;1mSQL (0.1ms)[0m   [0mSET SQL_AUTO_IS_NULL=0[0m


Processing PagesController#index (for 127.0.0.1 at 2009-08-28 17:26:47) [GET]
  [4;36;1mPage Load (0.4ms)[0m   [0;1mSELECT * FROM `pages` [0m
Rendering template within layouts/application
Rendering pages/index
  [4;35;1mPage Columns (1.0ms)[0m   [0mSHOW FIELDS FROM `pages`[0m
Rendered layouts/_menu (0.2ms)
Completed in 27ms (View: 17, DB: 2) | 200 OK [http://localhost/pages]
  [4;36;1mSQL (0.1ms)[0m   [0;1mSET NAMES 'utf8'[0m
  [4;35;1mSQL (0.2ms)[0m   [0mSET SQL_AUTO_IS_NULL=0[0m


Processing PagesController#show (for 127.0.0.1 at 2009-08-28 17:26:55) [GET]
  Parameters: {"id"=>"2-test"}
  [4;36;1mPage Columns (1.0ms)[0m   [0;1mSHOW FIELDS FROM `pages`[0m
  [4;35;1mPage Load (0.4ms)[0m   [0mSELECT * FROM `pages` WHERE (`pages`.`id` = 2) [0m
Rendering template within layouts/application
Rendering pages/show
Rendered layouts/_menu (0.2ms)
Completed in 41ms (View: 6, DB: 2) | 200 OK [http://localhost/pages/2-test]
  [4;36;1mSQL (0.1ms)[0m   [0;1mSET NAMES 'utf8'[0m
  [4;35;1mSQL (0.1ms)[0m   [0mSET SQL_AUTO_IS_NULL=0[0m


Processing PagesController#index (for 127.0.0.1 at 2009-08-28 17:26:58) [GET]
  [4;36;1mPage Load (0.2ms)[0m   [0;1mSELECT * FROM `pages` [0m
Rendering template within layouts/application
Rendering pages/index
  [4;35;1mPage Columns (2.0ms)[0m   [0mSHOW FIELDS FROM `pages`[0m
Rendered layouts/_menu (0.2ms)
Completed in 50ms (View: 9, DB: 2) | 200 OK [http://localhost/pages]
  [4;36;1mSQL (0.1ms)[0m   [0;1mSET NAMES 'utf8'[0m
  [4;35;1mSQL (0.1ms)[0m   [0mSET SQL_AUTO_IS_NULL=0[0m


Processing PagesController#index (for 127.0.0.1 at 2009-08-28 17:27:03) [GET]
  [4;36;1mPage Load (0.2ms)[0m   [0;1mSELECT * FROM `pages` [0m
Rendering template within layouts/application
Rendering pages/index
  [4;35;1mPage Columns (1.1ms)[0m   [0mSHOW FIELDS FROM `pages`[0m
Rendered layouts/_menu (0.2ms)
Completed in 36ms (View: 26, DB: 2) | 200 OK [http://localhost/pages]
  [4;36;1mSQL (0.1ms)[0m   [0;1mSET NAMES 'utf8'[0m
  [4;35;1mSQL (0.2ms)[0m   [0mSET SQL_AUTO_IS_NULL=0[0m


Processing PagesController#destroy (for 127.0.0.1 at 2009-08-28 17:27:08) [DELETE]
  Parameters: {"authenticity_token"=>"0FPb7Op40pgFGHEszG9KqPorFxO+iZfenW3ez5rY4ig=", "id"=>"2-test"}
  [4;36;1mPage Columns (26.5ms)[0m   [0;1mSHOW FIELDS FROM `pages`[0m
  [4;35;1mPage Load (0.2ms)[0m   [0mSELECT * FROM `pages` WHERE (`pages`.`id` = 2) [0m
  [4;36;1mSQL (0.1ms)[0m   [0;1mBEGIN[0m
  [4;35;1mPage Destroy (10.6ms)[0m   [0mDELETE FROM `pages` WHERE `id` = 2[0m
  [4;36;1mSQL (5.4ms)[0m   [0;1mCOMMIT[0m
Redirected to http://localhost:3000/pages
Completed in 57ms (DB: 43) | 302 Found [http://localhost/pages/2-test]
  [4;35;1mSQL (0.1ms)[0m   [0mSET NAMES 'utf8'[0m
  [4;36;1mSQL (0.1ms)[0m   [0;1mSET SQL_AUTO_IS_NULL=0[0m


Processing PagesController#index (for 127.0.0.1 at 2009-08-28 17:27:08) [GET]
  [4;35;1mPage Load (0.4ms)[0m   [0mSELECT * FROM `pages` [0m
Rendering template within layouts/application
Rendering pages/index
  [4;36;1mPage Columns (9.6ms)[0m   [0;1mSHOW FIELDS FROM `pages`[0m
Rendered layouts/_menu (0.2ms)
Completed in 40ms (View: 19, DB: 10) | 200 OK [http://localhost/pages]
  [4;35;1mSQL (0.1ms)[0m   [0mSET NAMES 'utf8'[0m
  [4;36;1mSQL (0.1ms)[0m   [0;1mSET SQL_AUTO_IS_NULL=0[0m


Processing PagesController#index (for 127.0.0.1 at 2009-08-28 17:29:25) [GET]
  [4;35;1mPage Load (9.3ms)[0m   [0mSELECT * FROM `pages` [0m
Rendering template within layouts/application
Rendering pages/index
  [4;36;1mPage Columns (1.0ms)[0m   [0;1mSHOW FIELDS FROM `pages`[0m
Rendered layouts/_menu (1.4ms)
Completed in 37ms (View: 18, DB: 11) | 200 OK [http://localhost/pages]
  [4;35;1mSQL (0.1ms)[0m   [0mSET NAMES 'utf8'[0m
  [4;36;1mSQL (0.1ms)[0m   [0;1mSET SQL_AUTO_IS_NULL=0[0m


Processing PagesController#index (for 127.0.0.1 at 2009-08-28 17:29:26) [GET]
  [4;35;1mPage Load (0.2ms)[0m   [0mSELECT * FROM `pages` [0m
Rendering template within layouts/application
Rendering pages/index
  [4;36;1mPage Columns (1.0ms)[0m   [0;1mSHOW FIELDS FROM `pages`[0m
Rendered layouts/_menu (0.6ms)
Completed in 54ms (View: 23, DB: 1) | 200 OK [http://localhost/pages]
  [4;35;1mSQL (0.1ms)[0m   [0mSET NAMES 'utf8'[0m
  [4;36;1mSQL (0.1ms)[0m   [0;1mSET SQL_AUTO_IS_NULL=0[0m


Processing PagesController#show (for 127.0.0.1 at 2009-08-28 17:29:28) [GET]
  Parameters: {"id"=>"1-welcome-page"}
  [4;35;1mPage Columns (1.0ms)[0m   [0mSHOW FIELDS FROM `pages`[0m
  [4;36;1mPage Load (0.5ms)[0m   [0;1mSELECT * FROM `pages` WHERE (`pages`.`id` = 1) [0m
Rendering template within layouts/application
Rendering pages/show
Rendered layouts/_menu (0.6ms)
Completed in 23ms (View: 7, DB: 2) | 200 OK [http://localhost/]
  [4;35;1mSQL (0.1ms)[0m   [0mSET NAMES 'utf8'[0m
  [4;36;1mSQL (0.1ms)[0m   [0;1mSET SQL_AUTO_IS_NULL=0[0m


Processing PagesController#index (for 127.0.0.1 at 2009-08-28 17:29:29) [GET]
  [4;35;1mPage Load (0.2ms)[0m   [0mSELECT * FROM `pages` [0m
Rendering template within layouts/application
Rendering pages/index
  [4;36;1mPage Columns (1.0ms)[0m   [0;1mSHOW FIELDS FROM `pages`[0m
Rendered layouts/_menu (0.6ms)
Completed in 39ms (View: 10, DB: 1) | 200 OK [http://localhost/pages]
  [4;36;1mSQL (0.2ms)[0m   [0;1mSET NAMES 'utf8'[0m
  [4;35;1mSQL (0.2ms)[0m   [0mSET SQL_AUTO_IS_NULL=0[0m
  [4;36;1mSQL (0.4ms)[0m   [0;1mSHOW TABLES[0m
  [4;35;1mSQL (0.2ms)[0m   [0mSELECT version FROM schema_migrations[0m
  [4;36;1mSQL (0.1ms)[0m   [0;1mSET NAMES 'utf8'[0m
  [4;35;1mSQL (0.1ms)[0m   [0mSET SQL_AUTO_IS_NULL=0[0m
  [4;36;1mSQL (33.1ms)[0m   [0;1mDROP DATABASE IF EXISTS `railscoders_test`[0m
  [4;35;1mSQL (58.7ms)[0m   [0mCREATE DATABASE `railscoders_test` DEFAULT CHARACTER SET `utf8`[0m
  [4;36;1mSQL (0.1ms)[0m   [0;1mSET NAMES 'utf8'[0m
  [4;35;1mSQL (0.1ms)[0m   [0mSET SQL_AUTO_IS_NULL=0[0m
  [4;36;1mSQL (0.4ms)[0m   [0;1mSHOW TABLES[0m
  [4;35;1mSQL (13.7ms)[0m   [0mCREATE TABLE `pages` (`id` int(11) DEFAULT NULL auto_increment PRIMARY KEY, `title` varchar(255), `permalink` varchar(255), `body` text, `created_at` datetime, `updated_at` datetime) ENGINE=InnoDB[0m
  [4;36;1mSQL (0.4ms)[0m   [0;1mSHOW TABLES[0m
  [4;35;1mSQL (18.4ms)[0m   [0mCREATE TABLE `schema_migrations` (`version` varchar(255) NOT NULL) ENGINE=InnoDB[0m
  [4;36;1mSQL (6.2ms)[0m   [0;1mCREATE UNIQUE INDEX `unique_schema_migrations` ON `schema_migrations` (`version`)[0m
  [4;35;1mSQL (0.4ms)[0m   [0mSHOW TABLES[0m
  [4;36;1mSQL (0.5ms)[0m   [0;1mSELECT version FROM `schema_migrations`[0m
  [4;35;1mSQL (0.6ms)[0m   [0mINSERT INTO `schema_migrations` (version) VALUES ('20090828064929')[0m
