  [4;36;1mSQL (0.2ms)[0m   [0;1mSET NAMES 'utf8'[0m
  [4;35;1mSQL (0.2ms)[0m   [0mSET SQL_AUTO_IS_NULL=0[0m


Processing ApplicationController#index (for 127.0.0.1 at 2009-09-02 17:48:19) [GET]

ActionController::RoutingError (No route matches "/blogs/5/edit" with {:method=>:get}):
  /usr/lib/ruby/1.8/webrick/httpserver.rb:104:in `service'
  /usr/lib/ruby/1.8/webrick/httpserver.rb:65:in `run'
  /usr/lib/ruby/1.8/webrick/server.rb:173:in `start_thread'
  /usr/lib/ruby/1.8/webrick/server.rb:162:in `start'
  /usr/lib/ruby/1.8/webrick/server.rb:162:in `start_thread'
  /usr/lib/ruby/1.8/webrick/server.rb:95:in `start'
  /usr/lib/ruby/1.8/webrick/server.rb:92:in `each'
  /usr/lib/ruby/1.8/webrick/server.rb:92:in `start'
  /usr/lib/ruby/1.8/webrick/server.rb:23:in `start'
  /usr/lib/ruby/1.8/webrick/server.rb:82:in `start'

Rendering rescues/layout (not_found)
  [4;36;1mSQL (0.1ms)[0m   [0;1mSET NAMES 'utf8'[0m
  [4;35;1mSQL (0.2ms)[0m   [0mSET SQL_AUTO_IS_NULL=0[0m


Processing Rails::InfoController#properties (for 127.0.0.1 at 2009-09-02 17:48:41) [GET]
  [4;36;1mSQL (0.8ms)[0m   [0;1mSHOW TABLES[0m
  [4;35;1mSQL (0.2ms)[0m   [0mSELECT version FROM schema_migrations[0m
Completed in 111ms (View: 14, DB: 1) | 200 OK [http://localhost/rails/info/properties]
  [4;36;1mSQL (0.1ms)[0m   [0;1mSET NAMES 'utf8'[0m
  [4;35;1mSQL (0.1ms)[0m   [0mSET SQL_AUTO_IS_NULL=0[0m


Processing Rails::InfoController#properties (for 127.0.0.1 at 2009-09-02 17:49:43) [GET]
  [4;36;1mSQL (21.3ms)[0m   [0;1mSHOW TABLES[0m
  [4;35;1mSQL (0.2ms)[0m   [0mSELECT version FROM schema_migrations[0m
Completed in 44ms (View: 2, DB: 22) | 200 OK [http://localhost/rails/info/properties]
  [4;36;1mSQL (0.1ms)[0m   [0;1mSET NAMES 'utf8'[0m
  [4;35;1mSQL (0.1ms)[0m   [0mSET SQL_AUTO_IS_NULL=0[0m


Processing BlogsController#index (for 127.0.0.1 at 2009-09-02 17:52:38) [GET]
Rendering blogs/index
Completed in 27ms (View: 10, DB: 0) | 200 OK [http://localhost/]
  [4;36;1mSQL (0.1ms)[0m   [0;1mSET NAMES 'utf8'[0m
  [4;35;1mSQL (0.1ms)[0m   [0mSET SQL_AUTO_IS_NULL=0[0m


Processing BlogsController#index (for 127.0.0.1 at 2009-09-02 17:52:38) [GET]
Rendering blogs/index
Completed in 19ms (View: 16, DB: 0) | 200 OK [http://localhost/]
  [4;36;1mSQL (0.1ms)[0m   [0;1mSET NAMES 'utf8'[0m
  [4;35;1mSQL (0.1ms)[0m   [0mSET SQL_AUTO_IS_NULL=0[0m


Processing BlogsController#index (for 127.0.0.1 at 2009-09-02 17:52:39) [GET]
Rendering blogs/index
Completed in 11ms (View: 1, DB: 0) | 200 OK [http://localhost/]
  [4;36;1mSQL (0.1ms)[0m   [0;1mSET NAMES 'utf8'[0m
  [4;35;1mSQL (0.1ms)[0m   [0mSET SQL_AUTO_IS_NULL=0[0m


Processing BlogsController#index (for 127.0.0.1 at 2009-09-02 17:55:12) [GET]
Rendering template within layouts/application
Rendering blogs/index

ActionView::TemplateError (undefined local variable or method `index_url' for #<ActionView::Base:0xb76da080>) on line #2 of app/views/layouts/_menu.rhtml:
1: <ul>
2: 	<li><%= link_to 'Home', index_url %></li>
3: 	<li><%= link_to 'Edit Pages', pages_path %></li>
4: </ul>

    app/views/layouts/_menu.rhtml:2:in `_run_rhtml_app47views47layouts47_menu46rhtml_locals_menu_object'
    app/views/layouts/application.rhtml:16:in `_run_rhtml_app47views47layouts47application46rhtml'
    /usr/lib/ruby/1.8/webrick/httpserver.rb:104:in `service'
    /usr/lib/ruby/1.8/webrick/httpserver.rb:65:in `run'
    /usr/lib/ruby/1.8/webrick/server.rb:173:in `start_thread'
    /usr/lib/ruby/1.8/webrick/server.rb:162:in `start'
    /usr/lib/ruby/1.8/webrick/server.rb:162:in `start_thread'
    /usr/lib/ruby/1.8/webrick/server.rb:95:in `start'
    /usr/lib/ruby/1.8/webrick/server.rb:92:in `each'
    /usr/lib/ruby/1.8/webrick/server.rb:92:in `start'
    /usr/lib/ruby/1.8/webrick/server.rb:23:in `start'
    /usr/lib/ruby/1.8/webrick/server.rb:82:in `start'

Rendered rescues/_trace (162.5ms)
Rendered rescues/_request_and_response (2.7ms)
Rendering rescues/layout (internal_server_error)
  [4;36;1mSQL (0.1ms)[0m   [0;1mSET NAMES 'utf8'[0m
  [4;35;1mSQL (0.1ms)[0m   [0mSET SQL_AUTO_IS_NULL=0[0m


Processing BlogsController#index (for 127.0.0.1 at 2009-09-02 17:55:13) [GET]
Rendering template within layouts/application
Rendering blogs/index

ActionView::TemplateError (undefined local variable or method `index_url' for #<ActionView::Base:0xb736a4e0>) on line #2 of app/views/layouts/_menu.rhtml:
1: <ul>
2: 	<li><%= link_to 'Home', index_url %></li>
3: 	<li><%= link_to 'Edit Pages', pages_path %></li>
4: </ul>

    app/views/layouts/_menu.rhtml:2:in `_run_rhtml_app47views47layouts47_menu46rhtml_locals_menu_object'
    app/views/layouts/application.rhtml:16:in `_run_rhtml_app47views47layouts47application46rhtml'
    /usr/lib/ruby/1.8/webrick/httpserver.rb:104:in `service'
    /usr/lib/ruby/1.8/webrick/httpserver.rb:65:in `run'
    /usr/lib/ruby/1.8/webrick/server.rb:173:in `start_thread'
    /usr/lib/ruby/1.8/webrick/server.rb:162:in `start'
    /usr/lib/ruby/1.8/webrick/server.rb:162:in `start_thread'
    /usr/lib/ruby/1.8/webrick/server.rb:95:in `start'
    /usr/lib/ruby/1.8/webrick/server.rb:92:in `each'
    /usr/lib/ruby/1.8/webrick/server.rb:92:in `start'
    /usr/lib/ruby/1.8/webrick/server.rb:23:in `start'
    /usr/lib/ruby/1.8/webrick/server.rb:82:in `start'

Rendered rescues/_trace (320.5ms)
Rendered rescues/_request_and_response (0.5ms)
Rendering rescues/layout (internal_server_error)
  [4;36;1mSQL (0.1ms)[0m   [0;1mSET NAMES 'utf8'[0m
  [4;35;1mSQL (0.1ms)[0m   [0mSET SQL_AUTO_IS_NULL=0[0m


Processing BlogsController#index (for 127.0.0.1 at 2009-09-02 17:55:52) [GET]
Rendering template within layouts/application
Rendering blogs/index

ActionView::TemplateError (undefined local variable or method `index_url' for #<ActionView::Base:0xb74c8cc4>) on line #2 of app/views/layouts/_menu.rhtml:
1: <ul>
2: 	<li><%= link_to 'Home', index_url %></li>
3: 	
4: </ul>

    app/views/layouts/_menu.rhtml:2:in `_run_rhtml_app47views47layouts47_menu46rhtml_locals_menu_object'
    app/views/layouts/application.rhtml:16:in `_run_rhtml_app47views47layouts47application46rhtml'
    /usr/lib/ruby/1.8/webrick/httpserver.rb:104:in `service'
    /usr/lib/ruby/1.8/webrick/httpserver.rb:65:in `run'
    /usr/lib/ruby/1.8/webrick/server.rb:173:in `start_thread'
    /usr/lib/ruby/1.8/webrick/server.rb:162:in `start'
    /usr/lib/ruby/1.8/webrick/server.rb:162:in `start_thread'
    /usr/lib/ruby/1.8/webrick/server.rb:95:in `start'
    /usr/lib/ruby/1.8/webrick/server.rb:92:in `each'
    /usr/lib/ruby/1.8/webrick/server.rb:92:in `start'
    /usr/lib/ruby/1.8/webrick/server.rb:23:in `start'
    /usr/lib/ruby/1.8/webrick/server.rb:82:in `start'

Rendered rescues/_trace (328.1ms)
Rendered rescues/_request_and_response (0.5ms)
Rendering rescues/layout (internal_server_error)
  [4;36;1mSQL (0.1ms)[0m   [0;1mSET NAMES 'utf8'[0m
  [4;35;1mSQL (0.2ms)[0m   [0mSET SQL_AUTO_IS_NULL=0[0m


Processing BlogsController#index (for 127.0.0.1 at 2009-09-02 17:55:53) [GET]
Rendering template within layouts/application
Rendering blogs/index

ActionView::TemplateError (undefined local variable or method `index_url' for #<ActionView::Base:0xb76946e8>) on line #2 of app/views/layouts/_menu.rhtml:
1: <ul>
2: 	<li><%= link_to 'Home', index_url %></li>
3: 	
4: </ul>

    app/views/layouts/_menu.rhtml:2:in `_run_rhtml_app47views47layouts47_menu46rhtml_locals_menu_object'
    app/views/layouts/application.rhtml:16:in `_run_rhtml_app47views47layouts47application46rhtml'
    /usr/lib/ruby/1.8/webrick/httpserver.rb:104:in `service'
    /usr/lib/ruby/1.8/webrick/httpserver.rb:65:in `run'
    /usr/lib/ruby/1.8/webrick/server.rb:173:in `start_thread'
    /usr/lib/ruby/1.8/webrick/server.rb:162:in `start'
    /usr/lib/ruby/1.8/webrick/server.rb:162:in `start_thread'
    /usr/lib/ruby/1.8/webrick/server.rb:95:in `start'
    /usr/lib/ruby/1.8/webrick/server.rb:92:in `each'
    /usr/lib/ruby/1.8/webrick/server.rb:92:in `start'
    /usr/lib/ruby/1.8/webrick/server.rb:23:in `start'
    /usr/lib/ruby/1.8/webrick/server.rb:82:in `start'

Rendered rescues/_trace (144.9ms)
Rendered rescues/_request_and_response (0.5ms)
Rendering rescues/layout (internal_server_error)
  [4;36;1mSQL (0.1ms)[0m   [0;1mSET NAMES 'utf8'[0m
  [4;35;1mSQL (0.1ms)[0m   [0mSET SQL_AUTO_IS_NULL=0[0m


Processing BlogsController#index (for 127.0.0.1 at 2009-09-02 17:55:58) [GET]
Rendering template within layouts/application
Rendering blogs/index
Rendered layouts/_menu (0.8ms)
Completed in 17ms (View: 8, DB: 0) | 200 OK [http://localhost/]
  [4;36;1mSQL (0.1ms)[0m   [0;1mSET NAMES 'utf8'[0m
  [4;35;1mSQL (0.1ms)[0m   [0mSET SQL_AUTO_IS_NULL=0[0m


Processing BlogsController#index (for 127.0.0.1 at 2009-09-02 17:56:08) [GET]
Rendering template within layouts/application
Rendering blogs/index
Rendered layouts/_menu (0.9ms)
Completed in 196ms (View: 193, DB: 0) | 200 OK [http://localhost/]
  [4;36;1mSQL (0.2ms)[0m   [0;1mSET NAMES 'utf8'[0m
  [4;35;1mSQL (0.2ms)[0m   [0mSET SQL_AUTO_IS_NULL=0[0m
  [4;36;1mSQL (0.4ms)[0m   [0;1mSHOW TABLES[0m
  [4;35;1mSQL (0.2ms)[0m   [0mSELECT version FROM schema_migrations[0m
Migrating to CreatePosts (20090902095927)
  [4;36;1mSQL (0.0ms)[0m   [0;1mMysql::Error: Table 'posts' already exists: CREATE TABLE `posts` (`id` int(11) DEFAULT NULL auto_increment PRIMARY KEY, `title` varchar(255), `content` text, `created_at` datetime, `updated_at` datetime) ENGINE=InnoDB[0m
  [4;36;1mSQL (0.1ms)[0m   [0;1mSET NAMES 'utf8'[0m
  [4;35;1mSQL (0.2ms)[0m   [0mSET SQL_AUTO_IS_NULL=0[0m


Processing BlogsController#index (for 127.0.0.1 at 2009-09-02 18:01:13) [GET]
  [4;36;1mPost Load (0.5ms)[0m   [0;1mSELECT * FROM `posts` [0m
Rendering template within layouts/application
Rendering blogs/index
Rendered layouts/_menu (0.2ms)
Completed in 43ms (View: 4, DB: 1) | 200 OK [http://localhost/]
  [4;35;1mSQL (0.1ms)[0m   [0mSET NAMES 'utf8'[0m
  [4;36;1mSQL (0.1ms)[0m   [0;1mSET SQL_AUTO_IS_NULL=0[0m


Processing BlogsController#index (for 127.0.0.1 at 2009-09-02 18:01:37) [GET]
  [4;35;1mPost Load (0.2ms)[0m   [0mSELECT * FROM `posts` [0m
Rendering template within layouts/application
Rendering blogs/index
  [4;36;1mPost Columns (1.0ms)[0m   [0;1mSHOW FIELDS FROM `posts`[0m

ActionView::TemplateError (undefined local variable or method `new_blog_path' for #<ActionView::Base:0xb750bfb0>) on line #2 of app/views/blogs/index.html.erb:
1: <h1>My Blog</h1>
2: <h2><%= link_to 'New post', new_blog_path %></h2>
3: <table>
4:   <tr>
5:   </tr>

    app/views/blogs/index.html.erb:2
    /usr/lib/ruby/1.8/webrick/httpserver.rb:104:in `service'
    /usr/lib/ruby/1.8/webrick/httpserver.rb:65:in `run'
    /usr/lib/ruby/1.8/webrick/server.rb:173:in `start_thread'
    /usr/lib/ruby/1.8/webrick/server.rb:162:in `start'
    /usr/lib/ruby/1.8/webrick/server.rb:162:in `start_thread'
    /usr/lib/ruby/1.8/webrick/server.rb:95:in `start'
    /usr/lib/ruby/1.8/webrick/server.rb:92:in `each'
    /usr/lib/ruby/1.8/webrick/server.rb:92:in `start'
    /usr/lib/ruby/1.8/webrick/server.rb:23:in `start'
    /usr/lib/ruby/1.8/webrick/server.rb:82:in `start'

Rendered rescues/_trace (131.0ms)
Rendered rescues/_request_and_response (0.5ms)
Rendering rescues/layout (internal_server_error)
  [4;35;1mSQL (0.1ms)[0m   [0mSET NAMES 'utf8'[0m
  [4;36;1mSQL (0.2ms)[0m   [0;1mSET SQL_AUTO_IS_NULL=0[0m


Processing BlogsController#index (for 127.0.0.1 at 2009-09-02 18:01:57) [GET]
  [4;35;1mPost Load (15.8ms)[0m   [0mSELECT * FROM `posts` [0m
Rendering template within layouts/application
Rendering blogs/index
  [4;36;1mPost Columns (1.0ms)[0m   [0;1mSHOW FIELDS FROM `posts`[0m

ActionView::TemplateError (undefined local variable or method `new_blog_path' for #<ActionView::Base:0xb76c6cb0>) on line #2 of app/views/blogs/index.html.erb:
1: <h1>My Blog</h1>
2: <h2><%= link_to 'New post', new_blog_path %></h2>
3: <table>
4:   <tr>
5:   </tr>

    app/views/blogs/index.html.erb:2
    /usr/lib/ruby/1.8/webrick/httpserver.rb:104:in `service'
    /usr/lib/ruby/1.8/webrick/httpserver.rb:65:in `run'
    /usr/lib/ruby/1.8/webrick/server.rb:173:in `start_thread'
    /usr/lib/ruby/1.8/webrick/server.rb:162:in `start'
    /usr/lib/ruby/1.8/webrick/server.rb:162:in `start_thread'
    /usr/lib/ruby/1.8/webrick/server.rb:95:in `start'
    /usr/lib/ruby/1.8/webrick/server.rb:92:in `each'
    /usr/lib/ruby/1.8/webrick/server.rb:92:in `start'
    /usr/lib/ruby/1.8/webrick/server.rb:23:in `start'
    /usr/lib/ruby/1.8/webrick/server.rb:82:in `start'

Rendered rescues/_trace (125.5ms)
Rendered rescues/_request_and_response (0.5ms)
Rendering rescues/layout (internal_server_error)
  [4;35;1mSQL (0.1ms)[0m   [0mSET NAMES 'utf8'[0m
  [4;36;1mSQL (0.1ms)[0m   [0;1mSET SQL_AUTO_IS_NULL=0[0m


Processing BlogsController#index (for 127.0.0.1 at 2009-09-02 18:02:18) [GET]
  [4;35;1mPost Load (0.2ms)[0m   [0mSELECT * FROM `posts` [0m
Rendering template within layouts/application
Rendering blogs/index
  [4;36;1mPost Columns (12.0ms)[0m   [0;1mSHOW FIELDS FROM `posts`[0m

ActionView::TemplateError (undefined method `subject' for #<Post:0xb73c6f4c>) on line #9 of app/views/blogs/index.html.erb:
6:  
7: <% for post in @posts %>
8:   <tr>
9:     <td><%= post.subject %> </td>
10: 
11:   </tr>
12: <% end %>

    app/views/blogs/index.html.erb:9
    app/views/blogs/index.html.erb:7:in `each'
    app/views/blogs/index.html.erb:7
    /usr/lib/ruby/1.8/webrick/httpserver.rb:104:in `service'
    /usr/lib/ruby/1.8/webrick/httpserver.rb:65:in `run'
    /usr/lib/ruby/1.8/webrick/server.rb:173:in `start_thread'
    /usr/lib/ruby/1.8/webrick/server.rb:162:in `start'
    /usr/lib/ruby/1.8/webrick/server.rb:162:in `start_thread'
    /usr/lib/ruby/1.8/webrick/server.rb:95:in `start'
    /usr/lib/ruby/1.8/webrick/server.rb:92:in `each'
    /usr/lib/ruby/1.8/webrick/server.rb:92:in `start'
    /usr/lib/ruby/1.8/webrick/server.rb:23:in `start'
    /usr/lib/ruby/1.8/webrick/server.rb:82:in `start'

Rendered rescues/_trace (299.8ms)
Rendered rescues/_request_and_response (0.5ms)
Rendering rescues/layout (internal_server_error)
  [4;35;1mSQL (0.1ms)[0m   [0mSET NAMES 'utf8'[0m
  [4;36;1mSQL (0.2ms)[0m   [0;1mSET SQL_AUTO_IS_NULL=0[0m


Processing BlogsController#index (for 127.0.0.1 at 2009-09-02 18:02:43) [GET]
  [4;35;1mPost Load (0.2ms)[0m   [0mSELECT * FROM `posts` [0m
Rendering template within layouts/application
Rendering blogs/index
  [4;36;1mPost Columns (1.0ms)[0m   [0;1mSHOW FIELDS FROM `posts`[0m

ActionView::TemplateError (undefined method `subject' for #<Post:0xb759f29c>) on line #9 of app/views/blogs/index.html.erb:
6:  
7: <% for post in @posts %>
8:   <tr>
9:     <td><%= post.subject %> </td>
10: 
11:   </tr>
12: <% end %>

    app/views/blogs/index.html.erb:9
    app/views/blogs/index.html.erb:7:in `each'
    app/views/blogs/index.html.erb:7
    /usr/lib/ruby/1.8/webrick/httpserver.rb:104:in `service'
    /usr/lib/ruby/1.8/webrick/httpserver.rb:65:in `run'
    /usr/lib/ruby/1.8/webrick/server.rb:173:in `start_thread'
    /usr/lib/ruby/1.8/webrick/server.rb:162:in `start'
    /usr/lib/ruby/1.8/webrick/server.rb:162:in `start_thread'
    /usr/lib/ruby/1.8/webrick/server.rb:95:in `start'
    /usr/lib/ruby/1.8/webrick/server.rb:92:in `each'
    /usr/lib/ruby/1.8/webrick/server.rb:92:in `start'
    /usr/lib/ruby/1.8/webrick/server.rb:23:in `start'
    /usr/lib/ruby/1.8/webrick/server.rb:82:in `start'

Rendered rescues/_trace (130.0ms)
Rendered rescues/_request_and_response (0.6ms)
Rendering rescues/layout (internal_server_error)
  [4;35;1mSQL (0.1ms)[0m   [0mSET NAMES 'utf8'[0m
  [4;36;1mSQL (0.1ms)[0m   [0;1mSET SQL_AUTO_IS_NULL=0[0m


Processing BlogsController#index (for 127.0.0.1 at 2009-09-02 18:02:59) [GET]
  [4;35;1mPost Load (0.2ms)[0m   [0mSELECT * FROM `posts` [0m
Rendering template within layouts/application
Rendering blogs/index
  [4;36;1mPost Columns (14.8ms)[0m   [0;1mSHOW FIELDS FROM `posts`[0m
Rendered layouts/_menu (0.8ms)
Completed in 34ms (View: 11, DB: 15) | 200 OK [http://localhost/]
  [4;35;1mSQL (0.1ms)[0m   [0mSET NAMES 'utf8'[0m
  [4;36;1mSQL (0.2ms)[0m   [0;1mSET SQL_AUTO_IS_NULL=0[0m


Processing BlogsController#index (for 127.0.0.1 at 2009-09-02 18:03:56) [GET]
  [4;35;1mPost Load (0.2ms)[0m   [0mSELECT * FROM `posts` [0m
Rendering template within layouts/application
Rendering blogs/index
  [4;36;1mPost Columns (1.0ms)[0m   [0;1mSHOW FIELDS FROM `posts`[0m
Rendered layouts/_menu (0.2ms)
Completed in 32ms (View: 7, DB: 1) | 200 OK [http://localhost/]
  [4;35;1mSQL (0.1ms)[0m   [0mSET NAMES 'utf8'[0m
  [4;36;1mSQL (0.1ms)[0m   [0;1mSET SQL_AUTO_IS_NULL=0[0m


Processing BlogsController#index (for 127.0.0.1 at 2009-09-02 18:06:44) [GET]
  [4;35;1mPost Load (0.2ms)[0m   [0mSELECT * FROM `posts` [0m
Rendering template within layouts/application
Rendering blogs/index
  [4;36;1mPost Columns (1.0ms)[0m   [0;1mSHOW FIELDS FROM `posts`[0m
Rendered layouts/_menu (0.2ms)
Completed in 60ms (View: 42, DB: 1) | 200 OK [http://localhost/]
  [4;35;1mSQL (0.1ms)[0m   [0mSET NAMES 'utf8'[0m
  [4;36;1mSQL (0.1ms)[0m   [0;1mSET SQL_AUTO_IS_NULL=0[0m


Processing BlogsController#index (for 127.0.0.1 at 2009-09-02 18:06:45) [GET]
  [4;35;1mPost Load (0.2ms)[0m   [0mSELECT * FROM `posts` [0m
Rendering template within layouts/application
Rendering blogs/index
  [4;36;1mPost Columns (13.7ms)[0m   [0;1mSHOW FIELDS FROM `posts`[0m
Rendered layouts/_menu (0.1ms)
Completed in 42ms (View: 11, DB: 14) | 200 OK [http://localhost/]
  [4;35;1mSQL (0.1ms)[0m   [0mSET NAMES 'utf8'[0m
  [4;36;1mSQL (0.2ms)[0m   [0;1mSET SQL_AUTO_IS_NULL=0[0m


Processing BlogsController#show (for 127.0.0.1 at 2009-09-02 18:06:47) [GET]
  Parameters: {"id"=>"4"}
  [4;35;1mPost Columns (1.0ms)[0m   [0mSHOW FIELDS FROM `posts`[0m
  [4;36;1mPost Load (13.9ms)[0m   [0;1mSELECT * FROM `posts` WHERE (`posts`.`id` = 4) [0m
Rendering template within layouts/application
Rendering blogs/show
Rendered layouts/_menu (0.2ms)
Completed in 36ms (View: 12, DB: 15) | 200 OK [http://localhost/blogs/4]
  [4;35;1mSQL (0.1ms)[0m   [0mSET NAMES 'utf8'[0m
  [4;36;1mSQL (0.2ms)[0m   [0;1mSET SQL_AUTO_IS_NULL=0[0m


Processing BlogsController#edit (for 127.0.0.1 at 2009-09-02 18:06:49) [GET]
  Parameters: {"id"=>"4"}
  [4;35;1mPost Columns (41.6ms)[0m   [0mSHOW FIELDS FROM `posts`[0m
  [4;36;1mPost Load (0.2ms)[0m   [0;1mSELECT * FROM `posts` WHERE (`posts`.`id` = 4) [0m
Rendering template within layouts/application
Rendering blogs/edit

ActionView::TemplateError (undefined local variable or method `blog' for #<ActionView::Base:0xb76232cc>) on line #9 of app/views/blogs/edit.html.erb:
6:     <%= f.submit "Submit", :disable_with => 'Submiting...' %>
7: <% end -%>
8:  
9: <%= link_to 'Show', blog_path(blog) %> |
10: <%= link_to 'Back', blogss_path %>
11:  

    app/views/blogs/edit.html.erb:9
    /usr/lib/ruby/1.8/webrick/httpserver.rb:104:in `service'
    /usr/lib/ruby/1.8/webrick/httpserver.rb:65:in `run'
    /usr/lib/ruby/1.8/webrick/server.rb:173:in `start_thread'
    /usr/lib/ruby/1.8/webrick/server.rb:162:in `start'
    /usr/lib/ruby/1.8/webrick/server.rb:162:in `start_thread'
    /usr/lib/ruby/1.8/webrick/server.rb:95:in `start'
    /usr/lib/ruby/1.8/webrick/server.rb:92:in `each'
    /usr/lib/ruby/1.8/webrick/server.rb:92:in `start'
    /usr/lib/ruby/1.8/webrick/server.rb:23:in `start'
    /usr/lib/ruby/1.8/webrick/server.rb:82:in `start'

Rendered rescues/_trace (124.9ms)
Rendered rescues/_request_and_response (0.5ms)
Rendering rescues/layout (internal_server_error)
  [4;35;1mSQL (0.1ms)[0m   [0mSET NAMES 'utf8'[0m
  [4;36;1mSQL (0.1ms)[0m   [0;1mSET SQL_AUTO_IS_NULL=0[0m


Processing BlogsController#show (for 127.0.0.1 at 2009-09-02 18:07:25) [GET]
  Parameters: {"id"=>"4"}
  [4;35;1mPost Columns (1.0ms)[0m   [0mSHOW FIELDS FROM `posts`[0m
  [4;36;1mPost Load (0.1ms)[0m   [0;1mSELECT * FROM `posts` WHERE (`posts`.`id` = 4) [0m
Rendering template within layouts/application
Rendering blogs/show
Rendered layouts/_menu (0.1ms)
Completed in 32ms (View: 15, DB: 1) | 200 OK [http://localhost/blogs/4]
  [4;35;1mSQL (0.1ms)[0m   [0mSET NAMES 'utf8'[0m
  [4;36;1mSQL (0.2ms)[0m   [0;1mSET SQL_AUTO_IS_NULL=0[0m


Processing BlogsController#index (for 127.0.0.1 at 2009-09-02 18:07:26) [GET]
  [4;35;1mPost Load (13.7ms)[0m   [0mSELECT * FROM `posts` [0m
Rendering template within layouts/application
Rendering blogs/index
  [4;36;1mPost Columns (1.0ms)[0m   [0;1mSHOW FIELDS FROM `posts`[0m
Rendered layouts/_menu (0.2ms)
Completed in 34ms (View: 11, DB: 15) | 200 OK [http://localhost/blogs]
  [4;35;1mSQL (0.1ms)[0m   [0mSET NAMES 'utf8'[0m
  [4;36;1mSQL (0.2ms)[0m   [0;1mSET SQL_AUTO_IS_NULL=0[0m


Processing BlogsController#new (for 127.0.0.1 at 2009-09-02 18:07:28) [GET]
  [4;35;1mPost Columns (1.0ms)[0m   [0mSHOW FIELDS FROM `posts`[0m
Rendering template within layouts/application
Rendering blogs/new
Rendered layouts/_menu (0.2ms)
Completed in 42ms (View: 33, DB: 1) | 200 OK [http://localhost/blogs/new]
  [4;36;1mSQL (0.1ms)[0m   [0;1mSET NAMES 'utf8'[0m
  [4;35;1mSQL (0.1ms)[0m   [0mSET SQL_AUTO_IS_NULL=0[0m


Processing BlogsController#create (for 127.0.0.1 at 2009-09-02 18:07:35) [POST]
  Parameters: {"commit"=>"Submit", "post"=>{"title"=>"hhh", "content"=>"hhhhh"}, "authenticity_token"=>"ASw9wUMK64AUVdLKaSrhbDQtK4RBG9UmhfW3VznOdlo="}
  [4;36;1mPost Columns (1.0ms)[0m   [0;1mSHOW FIELDS FROM `posts`[0m
  [4;35;1mSQL (0.1ms)[0m   [0mBEGIN[0m
  [4;36;1mPost Create (0.4ms)[0m   [0;1mINSERT INTO `posts` (`created_at`, `title`, `updated_at`, `content`) VALUES('2009-09-02 10:07:35', 'hhh', '2009-09-02 10:07:35', 'hhhhh')[0m
  [4;35;1mSQL (6.5ms)[0m   [0mCOMMIT[0m
Redirected to http://localhost:3000/blogs/15
Completed in 83ms (DB: 8) | 302 Found [http://localhost/blogs]
  [4;36;1mSQL (0.1ms)[0m   [0;1mSET NAMES 'utf8'[0m
  [4;35;1mSQL (0.1ms)[0m   [0mSET SQL_AUTO_IS_NULL=0[0m


Processing BlogsController#show (for 127.0.0.1 at 2009-09-02 18:07:35) [GET]
  Parameters: {"id"=>"15"}
  [4;36;1mPost Columns (1.1ms)[0m   [0;1mSHOW FIELDS FROM `posts`[0m
  [4;35;1mPost Load (0.5ms)[0m   [0mSELECT * FROM `posts` WHERE (`posts`.`id` = 15) [0m
Rendering template within layouts/application
Rendering blogs/show
Rendered layouts/_menu (0.1ms)
Completed in 16ms (View: 6, DB: 2) | 200 OK [http://localhost/blogs/15]
  [4;36;1mSQL (0.1ms)[0m   [0;1mSET NAMES 'utf8'[0m
  [4;35;1mSQL (0.1ms)[0m   [0mSET SQL_AUTO_IS_NULL=0[0m


Processing BlogsController#index (for 127.0.0.1 at 2009-09-02 18:07:39) [GET]
  [4;36;1mPost Load (0.5ms)[0m   [0;1mSELECT * FROM `posts` [0m
Rendering template within layouts/application
Rendering blogs/index
  [4;35;1mPost Columns (1.0ms)[0m   [0mSHOW FIELDS FROM `posts`[0m
Rendered layouts/_menu (0.2ms)
Completed in 36ms (View: 27, DB: 2) | 200 OK [http://localhost/blogs]
  [4;36;1mSQL (0.1ms)[0m   [0;1mSET NAMES 'utf8'[0m
  [4;35;1mSQL (0.1ms)[0m   [0mSET SQL_AUTO_IS_NULL=0[0m


Processing BlogsController#edit (for 127.0.0.1 at 2009-09-02 18:07:41) [GET]
  Parameters: {"id"=>"15"}
  [4;36;1mPost Columns (1.0ms)[0m   [0;1mSHOW FIELDS FROM `posts`[0m
  [4;35;1mPost Load (0.2ms)[0m   [0mSELECT * FROM `posts` WHERE (`posts`.`id` = 15) [0m
Rendering template within layouts/application
Rendering blogs/edit

ActionView::TemplateError (undefined local variable or method `blog' for #<ActionView::Base:0xb73638fc>) on line #9 of app/views/blogs/edit.html.erb:
6:     <%= f.submit "Submit", :disable_with => 'Submiting...' %>
7: <% end -%>
8:  
9: <%= link_to 'Show', blog_path(blog) %> |
10: <%= link_to 'Back', blogss_path %>
11:  

    app/views/blogs/edit.html.erb:9
    /usr/lib/ruby/1.8/webrick/httpserver.rb:104:in `service'
    /usr/lib/ruby/1.8/webrick/httpserver.rb:65:in `run'
    /usr/lib/ruby/1.8/webrick/server.rb:173:in `start_thread'
    /usr/lib/ruby/1.8/webrick/server.rb:162:in `start'
    /usr/lib/ruby/1.8/webrick/server.rb:162:in `start_thread'
    /usr/lib/ruby/1.8/webrick/server.rb:95:in `start'
    /usr/lib/ruby/1.8/webrick/server.rb:92:in `each'
    /usr/lib/ruby/1.8/webrick/server.rb:92:in `start'
    /usr/lib/ruby/1.8/webrick/server.rb:23:in `start'
    /usr/lib/ruby/1.8/webrick/server.rb:82:in `start'

Rendered rescues/_trace (278.8ms)
Rendered rescues/_request_and_response (0.5ms)
Rendering rescues/layout (internal_server_error)
  [4;36;1mSQL (0.1ms)[0m   [0;1mSET NAMES 'utf8'[0m
  [4;35;1mSQL (0.2ms)[0m   [0mSET SQL_AUTO_IS_NULL=0[0m


Processing BlogsController#index (for 127.0.0.1 at 2009-09-02 18:08:09) [GET]
  [4;36;1mPost Load (0.2ms)[0m   [0;1mSELECT * FROM `posts` [0m
Rendering template within layouts/application
Rendering blogs/index
  [4;35;1mPost Columns (2.3ms)[0m   [0mSHOW FIELDS FROM `posts`[0m
Rendered layouts/_menu (0.2ms)
Completed in 63ms (View: 36, DB: 3) | 200 OK [http://localhost/blogs]
  [4;36;1mSQL (0.1ms)[0m   [0;1mSET NAMES 'utf8'[0m
  [4;35;1mSQL (0.1ms)[0m   [0mSET SQL_AUTO_IS_NULL=0[0m


Processing BlogsController#show (for 127.0.0.1 at 2009-09-02 18:08:11) [GET]
  Parameters: {"id"=>"15"}
  [4;36;1mPost Columns (1.0ms)[0m   [0;1mSHOW FIELDS FROM `posts`[0m
  [4;35;1mPost Load (0.2ms)[0m   [0mSELECT * FROM `posts` WHERE (`posts`.`id` = 15) [0m
Rendering template within layouts/application
Rendering blogs/show
Rendered layouts/_menu (0.1ms)
Completed in 16ms (View: 6, DB: 1) | 200 OK [http://localhost/blogs/15]
  [4;36;1mSQL (0.1ms)[0m   [0;1mSET NAMES 'utf8'[0m
  [4;35;1mSQL (0.1ms)[0m   [0mSET SQL_AUTO_IS_NULL=0[0m


Processing BlogsController#index (for 127.0.0.1 at 2009-09-02 18:08:13) [GET]
  [4;36;1mPost Load (0.2ms)[0m   [0;1mSELECT * FROM `posts` [0m
Rendering template within layouts/application
Rendering blogs/index
  [4;35;1mPost Columns (1.0ms)[0m   [0mSHOW FIELDS FROM `posts`[0m
Rendered layouts/_menu (0.2ms)
Completed in 63ms (View: 12, DB: 1) | 200 OK [http://localhost/blogs]
  [4;36;1mSQL (0.1ms)[0m   [0;1mSET NAMES 'utf8'[0m
  [4;35;1mSQL (0.1ms)[0m   [0mSET SQL_AUTO_IS_NULL=0[0m


Processing BlogsController#show (for 127.0.0.1 at 2009-09-02 18:08:29) [GET]
  Parameters: {"id"=>"1"}
  [4;36;1mPost Columns (1.0ms)[0m   [0;1mSHOW FIELDS FROM `posts`[0m
  [4;35;1mPost Load (12.3ms)[0m   [0mSELECT * FROM `posts` WHERE (`posts`.`id` = 1) [0m
Rendering template within layouts/application
Rendering blogs/show
Rendered layouts/_menu (0.1ms)
Completed in 29ms (View: 7, DB: 14) | 200 OK [http://localhost/blogs/1]
  [4;36;1mSQL (0.1ms)[0m   [0;1mSET NAMES 'utf8'[0m
  [4;35;1mSQL (0.1ms)[0m   [0mSET SQL_AUTO_IS_NULL=0[0m


Processing BlogsController#edit (for 127.0.0.1 at 2009-09-02 18:08:30) [GET]
  Parameters: {"id"=>"1"}
  [4;36;1mPost Columns (18.6ms)[0m   [0;1mSHOW FIELDS FROM `posts`[0m
  [4;35;1mPost Load (0.2ms)[0m   [0mSELECT * FROM `posts` WHERE (`posts`.`id` = 1) [0m
Rendering template within layouts/application
Rendering blogs/edit

ActionView::TemplateError (undefined local variable or method `blog' for #<ActionView::Base:0xb76d60d4>) on line #9 of app/views/blogs/edit.html.erb:
6:     <%= f.submit "Submit", :disable_with => 'Submiting...' %>
7: <% end -%>
8:  
9: <%= link_to 'Show', blog_path(blog) %> |
10: <%= link_to 'Back', blogs_path %>
11:  

    app/views/blogs/edit.html.erb:9
    /usr/lib/ruby/1.8/webrick/httpserver.rb:104:in `service'
    /usr/lib/ruby/1.8/webrick/httpserver.rb:65:in `run'
    /usr/lib/ruby/1.8/webrick/server.rb:173:in `start_thread'
    /usr/lib/ruby/1.8/webrick/server.rb:162:in `start'
    /usr/lib/ruby/1.8/webrick/server.rb:162:in `start_thread'
    /usr/lib/ruby/1.8/webrick/server.rb:95:in `start'
    /usr/lib/ruby/1.8/webrick/server.rb:92:in `each'
    /usr/lib/ruby/1.8/webrick/server.rb:92:in `start'
    /usr/lib/ruby/1.8/webrick/server.rb:23:in `start'
    /usr/lib/ruby/1.8/webrick/server.rb:82:in `start'

Rendered rescues/_trace (121.6ms)
Rendered rescues/_request_and_response (0.5ms)
Rendering rescues/layout (internal_server_error)
  [4;36;1mSQL (0.1ms)[0m   [0;1mSET NAMES 'utf8'[0m
  [4;35;1mSQL (0.1ms)[0m   [0mSET SQL_AUTO_IS_NULL=0[0m


Processing BlogsController#edit (for 127.0.0.1 at 2009-09-02 18:13:07) [GET]
  Parameters: {"id"=>"1"}
  [4;36;1mPost Columns (18.1ms)[0m   [0;1mSHOW FIELDS FROM `posts`[0m
  [4;35;1mPost Load (0.2ms)[0m   [0mSELECT * FROM `posts` WHERE (`posts`.`id` = 1) [0m
Rendering template within layouts/application
Rendering blogs/edit

ActionView::TemplateError (undefined local variable or method `post' for #<ActionView::Base:0xb7393994>) on line #9 of app/views/blogs/edit.html.erb:
6:     <%= f.submit "Submit", :disable_with => 'Submiting...' %>
7: <% end -%>
8:  
9: <%= link_to 'Show', blog_path(post) %> |
10: <%= link_to 'Back', blogs_path %>
11:  

    app/views/blogs/edit.html.erb:9
    /usr/lib/ruby/1.8/webrick/httpserver.rb:104:in `service'
    /usr/lib/ruby/1.8/webrick/httpserver.rb:65:in `run'
    /usr/lib/ruby/1.8/webrick/server.rb:173:in `start_thread'
    /usr/lib/ruby/1.8/webrick/server.rb:162:in `start'
    /usr/lib/ruby/1.8/webrick/server.rb:162:in `start_thread'
    /usr/lib/ruby/1.8/webrick/server.rb:95:in `start'
    /usr/lib/ruby/1.8/webrick/server.rb:92:in `each'
    /usr/lib/ruby/1.8/webrick/server.rb:92:in `start'
    /usr/lib/ruby/1.8/webrick/server.rb:23:in `start'
    /usr/lib/ruby/1.8/webrick/server.rb:82:in `start'

Rendered rescues/_trace (292.4ms)
Rendered rescues/_request_and_response (0.6ms)
Rendering rescues/layout (internal_server_error)
  [4;36;1mSQL (0.1ms)[0m   [0;1mSET NAMES 'utf8'[0m
  [4;35;1mSQL (0.2ms)[0m   [0mSET SQL_AUTO_IS_NULL=0[0m


Processing BlogsController#edit (for 127.0.0.1 at 2009-09-02 18:13:13) [GET]
  Parameters: {"id"=>"1"}
  [4;36;1mPost Columns (15.2ms)[0m   [0;1mSHOW FIELDS FROM `posts`[0m
  [4;35;1mPost Load (0.2ms)[0m   [0mSELECT * FROM `posts` WHERE (`posts`.`id` = 1) [0m
Rendering template within layouts/application
Rendering blogs/edit
Rendered layouts/_menu (0.1ms)
Completed in 38ms (View: 13, DB: 16) | 200 OK [http://localhost/blogs/1/edit]
  [4;36;1mSQL (0.1ms)[0m   [0;1mSET NAMES 'utf8'[0m
  [4;35;1mSQL (0.1ms)[0m   [0mSET SQL_AUTO_IS_NULL=0[0m


Processing BlogsController#show (for 127.0.0.1 at 2009-09-02 18:13:18) [GET]
  Parameters: {"id"=>"1"}
  [4;36;1mPost Columns (35.8ms)[0m   [0;1mSHOW FIELDS FROM `posts`[0m
  [4;35;1mPost Load (0.2ms)[0m   [0mSELECT * FROM `posts` WHERE (`posts`.`id` = 1) [0m
Rendering template within layouts/application
Rendering blogs/show
Rendered layouts/_menu (0.1ms)
Completed in 50ms (View: 6, DB: 36) | 200 OK [http://localhost/blogs/1]
  [4;36;1mSQL (0.1ms)[0m   [0;1mSET NAMES 'utf8'[0m
  [4;35;1mSQL (0.1ms)[0m   [0mSET SQL_AUTO_IS_NULL=0[0m


Processing BlogsController#edit (for 127.0.0.1 at 2009-09-02 18:13:20) [GET]
  Parameters: {"id"=>"1"}
  [4;36;1mPost Columns (1.0ms)[0m   [0;1mSHOW FIELDS FROM `posts`[0m
  [4;35;1mPost Load (0.2ms)[0m   [0mSELECT * FROM `posts` WHERE (`posts`.`id` = 1) [0m
Rendering template within layouts/application
Rendering blogs/edit
Rendered layouts/_menu (0.2ms)
Completed in 75ms (View: 29, DB: 1) | 200 OK [http://localhost/blogs/1/edit]
  [4;36;1mSQL (0.1ms)[0m   [0;1mSET NAMES 'utf8'[0m
  [4;35;1mSQL (0.1ms)[0m   [0mSET SQL_AUTO_IS_NULL=0[0m


Processing BlogsController#update (for 127.0.0.1 at 2009-09-02 18:13:24) [PUT]
  Parameters: {"commit"=>"Submit", "post"=>{"title"=>"123", "content"=>"123123"}, "authenticity_token"=>"ASw9wUMK64AUVdLKaSrhbDQtK4RBG9UmhfW3VznOdlo=", "id"=>"1"}
  [4;36;1mPost Columns (1.0ms)[0m   [0;1mSHOW FIELDS FROM `posts`[0m
  [4;35;1mPost Load (0.2ms)[0m   [0mSELECT * FROM `posts` WHERE (`posts`.`id` = 1) [0m
  [4;36;1mSQL (0.1ms)[0m   [0;1mBEGIN[0m
  [4;35;1mPost Update (0.5ms)[0m   [0mUPDATE `posts` SET `content` = '123123', `updated_at` = '2009-09-02 10:13:24' WHERE `id` = 1[0m
  [4;36;1mSQL (4.7ms)[0m   [0;1mCOMMIT[0m
Redirected to http://localhost:3000/blogs/1
Completed in 41ms (DB: 7) | 302 Found [http://localhost/blogs/1]
  [4;35;1mSQL (0.1ms)[0m   [0mSET NAMES 'utf8'[0m
  [4;36;1mSQL (0.1ms)[0m   [0;1mSET SQL_AUTO_IS_NULL=0[0m


Processing BlogsController#show (for 127.0.0.1 at 2009-09-02 18:13:24) [GET]
  Parameters: {"id"=>"1"}
  [4;35;1mPost Columns (16.1ms)[0m   [0mSHOW FIELDS FROM `posts`[0m
  [4;36;1mPost Load (0.4ms)[0m   [0;1mSELECT * FROM `posts` WHERE (`posts`.`id` = 1) [0m
Rendering template within layouts/application
Rendering blogs/show
Rendered layouts/_menu (0.2ms)
Completed in 206ms (View: 6, DB: 17) | 200 OK [http://localhost/blogs/1]
  [4;35;1mSQL (0.2ms)[0m   [0mSET NAMES 'utf8'[0m
  [4;36;1mSQL (0.2ms)[0m   [0;1mSET SQL_AUTO_IS_NULL=0[0m


Processing BlogsController#index (for 127.0.0.1 at 2009-09-02 18:13:26) [GET]
  [4;35;1mPost Load (0.4ms)[0m   [0mSELECT * FROM `posts` [0m
Rendering template within layouts/application
Rendering blogs/index
  [4;36;1mPost Columns (1.0ms)[0m   [0;1mSHOW FIELDS FROM `posts`[0m
Rendered layouts/_menu (0.2ms)
Completed in 43ms (View: 12, DB: 2) | 200 OK [http://localhost/blogs]
  [4;35;1mSQL (0.1ms)[0m   [0mSET NAMES 'utf8'[0m
  [4;36;1mSQL (0.2ms)[0m   [0;1mSET SQL_AUTO_IS_NULL=0[0m


Processing BlogsController#show (for 127.0.0.1 at 2009-09-02 18:13:28) [GET]
  Parameters: {"id"=>"1"}
  [4;35;1mPost Columns (1.0ms)[0m   [0mSHOW FIELDS FROM `posts`[0m
  [4;36;1mPost Load (0.2ms)[0m   [0;1mSELECT * FROM `posts` WHERE (`posts`.`id` = 1) [0m
Rendering template within layouts/application
Rendering blogs/show
Rendered layouts/_menu (0.2ms)
Completed in 32ms (View: 22, DB: 1) | 200 OK [http://localhost/blogs/1]
  [4;35;1mSQL (0.1ms)[0m   [0mSET NAMES 'utf8'[0m
  [4;36;1mSQL (0.1ms)[0m   [0;1mSET SQL_AUTO_IS_NULL=0[0m


Processing BlogsController#index (for 127.0.0.1 at 2009-09-02 18:13:29) [GET]
  [4;35;1mPost Load (0.2ms)[0m   [0mSELECT * FROM `posts` [0m
Rendering template within layouts/application
Rendering blogs/index
  [4;36;1mPost Columns (1.0ms)[0m   [0;1mSHOW FIELDS FROM `posts`[0m
Rendered layouts/_menu (0.1ms)
Completed in 70ms (View: 22, DB: 1) | 200 OK [http://localhost/blogs]
  [4;35;1mSQL (0.1ms)[0m   [0mSET NAMES 'utf8'[0m
  [4;36;1mSQL (0.1ms)[0m   [0;1mSET SQL_AUTO_IS_NULL=0[0m


Processing BlogsController#show (for 127.0.0.1 at 2009-09-02 18:13:31) [GET]
  Parameters: {"id"=>"15"}
  [4;35;1mPost Columns (17.2ms)[0m   [0mSHOW FIELDS FROM `posts`[0m
  [4;36;1mPost Load (0.4ms)[0m   [0;1mSELECT * FROM `posts` WHERE (`posts`.`id` = 15) [0m
Rendering template within layouts/application
Rendering blogs/show
Rendered layouts/_menu (0.2ms)
Completed in 33ms (View: 7, DB: 18) | 200 OK [http://localhost/blogs/15]
  [4;35;1mSQL (0.1ms)[0m   [0mSET NAMES 'utf8'[0m
  [4;36;1mSQL (0.1ms)[0m   [0;1mSET SQL_AUTO_IS_NULL=0[0m


Processing BlogsController#edit (for 127.0.0.1 at 2009-09-02 18:13:33) [GET]
  Parameters: {"id"=>"15"}
  [4;35;1mPost Columns (1.0ms)[0m   [0mSHOW FIELDS FROM `posts`[0m
  [4;36;1mPost Load (0.2ms)[0m   [0;1mSELECT * FROM `posts` WHERE (`posts`.`id` = 15) [0m
Rendering template within layouts/application
Rendering blogs/edit
Rendered layouts/_menu (0.1ms)
Completed in 30ms (View: 12, DB: 1) | 200 OK [http://localhost/blogs/15/edit]
  [4;35;1mSQL (0.1ms)[0m   [0mSET NAMES 'utf8'[0m
  [4;36;1mSQL (0.1ms)[0m   [0;1mSET SQL_AUTO_IS_NULL=0[0m


Processing BlogsController#update (for 127.0.0.1 at 2009-09-02 18:13:38) [PUT]
  Parameters: {"commit"=>"Submit", "post"=>{"title"=>"hhh", "content"=>"HHH"}, "authenticity_token"=>"ASw9wUMK64AUVdLKaSrhbDQtK4RBG9UmhfW3VznOdlo=", "id"=>"15"}
  [4;35;1mPost Columns (1.0ms)[0m   [0mSHOW FIELDS FROM `posts`[0m
  [4;36;1mPost Load (0.2ms)[0m   [0;1mSELECT * FROM `posts` WHERE (`posts`.`id` = 15) [0m
  [4;35;1mSQL (0.1ms)[0m   [0mBEGIN[0m
  [4;36;1mPost Update (0.5ms)[0m   [0;1mUPDATE `posts` SET `content` = 'HHH', `updated_at` = '2009-09-02 10:13:38' WHERE `id` = 15[0m
  [4;35;1mSQL (3.5ms)[0m   [0mCOMMIT[0m
Redirected to http://localhost:3000/blogs/15
Completed in 32ms (DB: 5) | 302 Found [http://localhost/blogs/15]
  [4;36;1mSQL (0.1ms)[0m   [0;1mSET NAMES 'utf8'[0m
  [4;35;1mSQL (0.1ms)[0m   [0mSET SQL_AUTO_IS_NULL=0[0m


Processing BlogsController#show (for 127.0.0.1 at 2009-09-02 18:13:38) [GET]
  Parameters: {"id"=>"15"}
  [4;36;1mPost Columns (1.0ms)[0m   [0;1mSHOW FIELDS FROM `posts`[0m
  [4;35;1mPost Load (0.4ms)[0m   [0mSELECT * FROM `posts` WHERE (`posts`.`id` = 15) [0m
Rendering template within layouts/application
Rendering blogs/show
Rendered layouts/_menu (0.1ms)
Completed in 34ms (View: 15, DB: 2) | 200 OK [http://localhost/blogs/15]
  [4;36;1mSQL (0.1ms)[0m   [0;1mSET NAMES 'utf8'[0m
  [4;35;1mSQL (0.1ms)[0m   [0mSET SQL_AUTO_IS_NULL=0[0m


Processing BlogsController#index (for 127.0.0.1 at 2009-09-02 18:13:39) [GET]
  [4;36;1mPost Load (0.4ms)[0m   [0;1mSELECT * FROM `posts` [0m
Rendering template within layouts/application
Rendering blogs/index
  [4;35;1mPost Columns (1.0ms)[0m   [0mSHOW FIELDS FROM `posts`[0m
Rendered layouts/_menu (0.2ms)
Completed in 49ms (View: 24, DB: 2) | 200 OK [http://localhost/blogs]
  [4;36;1mSQL (0.1ms)[0m   [0;1mSET NAMES 'utf8'[0m
  [4;35;1mSQL (0.2ms)[0m   [0mSET SQL_AUTO_IS_NULL=0[0m


Processing BlogsController#index (for 127.0.0.1 at 2009-09-02 18:25:11) [GET]
  [4;36;1mPost Load (0.2ms)[0m   [0;1mSELECT * FROM `posts` [0m
Rendering template within layouts/application
Rendering blogs/index
  [4;35;1mPost Columns (1.0ms)[0m   [0mSHOW FIELDS FROM `posts`[0m
Rendered layouts/_menu (0.2ms)
Completed in 33ms (View: 21, DB: 1) | 200 OK [http://localhost/blogs]
  [4;36;1mSQL (0.1ms)[0m   [0;1mSET NAMES 'utf8'[0m
  [4;35;1mSQL (0.1ms)[0m   [0mSET SQL_AUTO_IS_NULL=0[0m


Processing BlogsController#index (for 127.0.0.1 at 2009-09-02 18:25:12) [GET]
  [4;36;1mPost Load (0.2ms)[0m   [0;1mSELECT * FROM `posts` [0m
Rendering template within layouts/application
Rendering blogs/index
  [4;35;1mPost Columns (1.0ms)[0m   [0mSHOW FIELDS FROM `posts`[0m
Rendered layouts/_menu (0.2ms)
Completed in 35ms (View: 20, DB: 1) | 200 OK [http://localhost/blogs]
  [4;36;1mSQL (0.1ms)[0m   [0;1mSET NAMES 'utf8'[0m
  [4;35;1mSQL (0.1ms)[0m   [0mSET SQL_AUTO_IS_NULL=0[0m


Processing BlogsController#edit (for 127.0.0.1 at 2009-09-02 18:25:13) [GET]
  Parameters: {"id"=>"15"}
  [4;36;1mPost Columns (1.0ms)[0m   [0;1mSHOW FIELDS FROM `posts`[0m
  [4;35;1mPost Load (0.2ms)[0m   [0mSELECT * FROM `posts` WHERE (`posts`.`id` = 15) [0m
Rendering template within layouts/application
Rendering blogs/edit
Rendered layouts/_menu (0.1ms)
Completed in 21ms (View: 11, DB: 1) | 200 OK [http://localhost/blogs/15/edit]
  [4;36;1mSQL (0.1ms)[0m   [0;1mSET NAMES 'utf8'[0m
  [4;35;1mSQL (0.1ms)[0m   [0mSET SQL_AUTO_IS_NULL=0[0m


Processing BlogsController#edit (for 127.0.0.1 at 2009-09-02 18:25:45) [GET]
  Parameters: {"id"=>"15"}
  [4;36;1mPost Columns (6.7ms)[0m   [0;1mSHOW FIELDS FROM `posts`[0m
  [4;35;1mPost Load (0.2ms)[0m   [0mSELECT * FROM `posts` WHERE (`posts`.`id` = 15) [0m
Rendering template within layouts/application
Rendering blogs/edit
Rendered layouts/_menu (0.2ms)
Completed in 38ms (View: 15, DB: 7) | 200 OK [http://localhost/blogs/15/edit]
  [4;36;1mSQL (0.1ms)[0m   [0;1mSET NAMES 'utf8'[0m
  [4;35;1mSQL (0.2ms)[0m   [0mSET SQL_AUTO_IS_NULL=0[0m


Processing BlogsController#edit (for 127.0.0.1 at 2009-09-02 18:26:21) [GET]
  Parameters: {"id"=>"15"}
  [4;36;1mPost Columns (1.6ms)[0m   [0;1mSHOW FIELDS FROM `posts`[0m
  [4;35;1mPost Load (0.2ms)[0m   [0mSELECT * FROM `posts` WHERE (`posts`.`id` = 15) [0m
Rendering template within layouts/application
Rendering blogs/edit
Rendered layouts/_menu (0.2ms)
Completed in 31ms (View: 11, DB: 2) | 200 OK [http://localhost/blogs/15/edit]
  [4;36;1mSQL (0.1ms)[0m   [0;1mSET NAMES 'utf8'[0m
  [4;35;1mSQL (0.1ms)[0m   [0mSET SQL_AUTO_IS_NULL=0[0m


Processing BlogsController#edit (for 127.0.0.1 at 2009-09-02 18:26:22) [GET]
  Parameters: {"id"=>"15"}
  [4;36;1mPost Columns (1.0ms)[0m   [0;1mSHOW FIELDS FROM `posts`[0m
  [4;35;1mPost Load (0.2ms)[0m   [0mSELECT * FROM `posts` WHERE (`posts`.`id` = 15) [0m
Rendering template within layouts/application
Rendering blogs/edit
Rendered layouts/_menu (0.1ms)
Completed in 29ms (View: 8, DB: 1) | 200 OK [http://localhost/blogs/15/edit]
  [4;36;1mSQL (0.1ms)[0m   [0;1mSET NAMES 'utf8'[0m
  [4;35;1mSQL (0.1ms)[0m   [0mSET SQL_AUTO_IS_NULL=0[0m


Processing BlogsController#edit (for 127.0.0.1 at 2009-09-02 18:26:23) [GET]
  Parameters: {"id"=>"15"}
  [4;36;1mPost Columns (1.0ms)[0m   [0;1mSHOW FIELDS FROM `posts`[0m
  [4;35;1mPost Load (0.1ms)[0m   [0mSELECT * FROM `posts` WHERE (`posts`.`id` = 15) [0m
Rendering template within layouts/application
Rendering blogs/edit
Rendered layouts/_menu (0.1ms)
Completed in 26ms (View: 10, DB: 1) | 200 OK [http://localhost/blogs/15/edit]
  [4;36;1mSQL (0.1ms)[0m   [0;1mSET NAMES 'utf8'[0m
  [4;35;1mSQL (0.2ms)[0m   [0mSET SQL_AUTO_IS_NULL=0[0m


Processing BlogsController#index (for 127.0.0.1 at 2009-09-02 18:26:24) [GET]
  [4;36;1mPost Load (0.2ms)[0m   [0;1mSELECT * FROM `posts` [0m
Rendering template within layouts/application
Rendering blogs/index
  [4;35;1mPost Columns (1.0ms)[0m   [0mSHOW FIELDS FROM `posts`[0m
Rendered layouts/_menu (0.2ms)
Completed in 42ms (View: 33, DB: 1) | 200 OK [http://localhost/blogs]
  [4;36;1mSQL (0.1ms)[0m   [0;1mSET NAMES 'utf8'[0m
  [4;35;1mSQL (0.1ms)[0m   [0mSET SQL_AUTO_IS_NULL=0[0m


Processing BlogsController#index (for 127.0.0.1 at 2009-09-02 18:26:26) [GET]
  [4;36;1mPost Load (0.3ms)[0m   [0;1mSELECT * FROM `posts` [0m
Rendering template within layouts/application
Rendering blogs/index
  [4;35;1mPost Columns (1.0ms)[0m   [0mSHOW FIELDS FROM `posts`[0m
Rendered layouts/_menu (0.2ms)
Completed in 21ms (View: 12, DB: 2) | 200 OK [http://localhost/blogs]
  [4;36;1mSQL (0.1ms)[0m   [0;1mSET NAMES 'utf8'[0m
  [4;35;1mSQL (0.1ms)[0m   [0mSET SQL_AUTO_IS_NULL=0[0m


Processing BlogsController#new (for 127.0.0.1 at 2009-09-02 18:26:28) [GET]
  [4;36;1mPost Columns (1.0ms)[0m   [0;1mSHOW FIELDS FROM `posts`[0m
Rendering template within layouts/application
Rendering blogs/new
Rendered layouts/_menu (0.2ms)
Completed in 16ms (View: 7, DB: 1) | 200 OK [http://localhost/blogs/new]
  [4;35;1mSQL (0.1ms)[0m   [0mSET NAMES 'utf8'[0m
  [4;36;1mSQL (0.1ms)[0m   [0;1mSET SQL_AUTO_IS_NULL=0[0m


Processing BlogsController#create (for 127.0.0.1 at 2009-09-02 18:26:32) [POST]
  Parameters: {"commit"=>"Submit", "post"=>{"title"=>"te", "content"=>"te"}, "authenticity_token"=>"ASw9wUMK64AUVdLKaSrhbDQtK4RBG9UmhfW3VznOdlo="}
  [4;35;1mPost Columns (1.0ms)[0m   [0mSHOW FIELDS FROM `posts`[0m
  [4;36;1mSQL (0.1ms)[0m   [0;1mBEGIN[0m
  [4;35;1mPost Create (0.4ms)[0m   [0mINSERT INTO `posts` (`created_at`, `title`, `updated_at`, `content`) VALUES('2009-09-02 10:26:32', 'te', '2009-09-02 10:26:32', 'te')[0m
  [4;36;1mSQL (23.3ms)[0m   [0;1mCOMMIT[0m
Redirected to http://localhost:3000/blogs/16
Completed in 40ms (DB: 25) | 302 Found [http://localhost/blogs]
  [4;35;1mSQL (0.1ms)[0m   [0mSET NAMES 'utf8'[0m
  [4;36;1mSQL (0.1ms)[0m   [0;1mSET SQL_AUTO_IS_NULL=0[0m


Processing BlogsController#show (for 127.0.0.1 at 2009-09-02 18:26:32) [GET]
  Parameters: {"id"=>"16"}
  [4;35;1mPost Columns (1.7ms)[0m   [0mSHOW FIELDS FROM `posts`[0m
  [4;36;1mPost Load (0.4ms)[0m   [0;1mSELECT * FROM `posts` WHERE (`posts`.`id` = 16) [0m
Rendering template within layouts/application
Rendering blogs/show
Rendered layouts/_menu (0.1ms)
Completed in 17ms (View: 6, DB: 2) | 200 OK [http://localhost/blogs/16]
  [4;35;1mSQL (0.1ms)[0m   [0mSET NAMES 'utf8'[0m
  [4;36;1mSQL (0.1ms)[0m   [0;1mSET SQL_AUTO_IS_NULL=0[0m


Processing BlogsController#index (for 127.0.0.1 at 2009-09-02 18:26:33) [GET]
  [4;35;1mPost Load (0.4ms)[0m   [0mSELECT * FROM `posts` [0m
Rendering template within layouts/application
Rendering blogs/index
  [4;36;1mPost Columns (1.0ms)[0m   [0;1mSHOW FIELDS FROM `posts`[0m
Rendered layouts/_menu (0.1ms)
Completed in 22ms (View: 12, DB: 2) | 200 OK [http://localhost/blogs]
  [4;35;1mSQL (0.1ms)[0m   [0mSET NAMES 'utf8'[0m
  [4;36;1mSQL (0.2ms)[0m   [0;1mSET SQL_AUTO_IS_NULL=0[0m


Processing BlogsController#edit (for 127.0.0.1 at 2009-09-02 18:26:34) [GET]
  Parameters: {"id"=>"16"}
  [4;35;1mPost Columns (1.0ms)[0m   [0mSHOW FIELDS FROM `posts`[0m
  [4;36;1mPost Load (0.2ms)[0m   [0;1mSELECT * FROM `posts` WHERE (`posts`.`id` = 16) [0m
Rendering template within layouts/application
Rendering blogs/edit
Rendered layouts/_menu (0.2ms)
Completed in 108ms (View: 10, DB: 1) | 200 OK [http://localhost/blogs/16/edit]
  [4;35;1mSQL (0.1ms)[0m   [0mSET NAMES 'utf8'[0m
  [4;36;1mSQL (0.2ms)[0m   [0;1mSET SQL_AUTO_IS_NULL=0[0m


Processing BlogsController#update (for 127.0.0.1 at 2009-09-02 18:26:40) [PUT]
  Parameters: {"commit"=>"Submit", "post"=>{"title"=>"test", "content"=>"test"}, "authenticity_token"=>"ASw9wUMK64AUVdLKaSrhbDQtK4RBG9UmhfW3VznOdlo=", "id"=>"16"}
  [4;35;1mPost Columns (15.5ms)[0m   [0mSHOW FIELDS FROM `posts`[0m
  [4;36;1mPost Load (0.2ms)[0m   [0;1mSELECT * FROM `posts` WHERE (`posts`.`id` = 16) [0m
  [4;35;1mSQL (0.1ms)[0m   [0mBEGIN[0m
  [4;36;1mPost Update (14.3ms)[0m   [0;1mUPDATE `posts` SET `content` = 'test', `updated_at` = '2009-09-02 10:26:40', `title` = 'test' WHERE `id` = 16[0m
  [4;35;1mSQL (5.5ms)[0m   [0mCOMMIT[0m
Redirected to http://localhost:3000/blogs/16
Completed in 51ms (DB: 36) | 302 Found [http://localhost/blogs/16]
  [4;36;1mSQL (0.1ms)[0m   [0;1mSET NAMES 'utf8'[0m
  [4;35;1mSQL (0.2ms)[0m   [0mSET SQL_AUTO_IS_NULL=0[0m


Processing BlogsController#show (for 127.0.0.1 at 2009-09-02 18:26:40) [GET]
  Parameters: {"id"=>"16"}
  [4;36;1mPost Columns (1.0ms)[0m   [0;1mSHOW FIELDS FROM `posts`[0m
  [4;35;1mPost Load (0.5ms)[0m   [0mSELECT * FROM `posts` WHERE (`posts`.`id` = 16) [0m
Rendering template within layouts/application
Rendering blogs/show
Rendered layouts/_menu (0.2ms)
Completed in 16ms (View: 6, DB: 2) | 200 OK [http://localhost/blogs/16]
  [4;36;1mSQL (0.1ms)[0m   [0;1mSET NAMES 'utf8'[0m
  [4;35;1mSQL (0.1ms)[0m   [0mSET SQL_AUTO_IS_NULL=0[0m


Processing BlogsController#index (for 127.0.0.1 at 2009-09-02 18:26:42) [GET]
  [4;36;1mPost Load (0.7ms)[0m   [0;1mSELECT * FROM `posts` [0m
Rendering template within layouts/application
Rendering blogs/index
  [4;35;1mPost Columns (1.0ms)[0m   [0mSHOW FIELDS FROM `posts`[0m
Rendered layouts/_menu (0.1ms)
Completed in 23ms (View: 13, DB: 2) | 200 OK [http://localhost/blogs]
  [4;36;1mSQL (0.1ms)[0m   [0;1mSET NAMES 'utf8'[0m
  [4;35;1mSQL (0.1ms)[0m   [0mSET SQL_AUTO_IS_NULL=0[0m


Processing BlogsController#index (for 127.0.0.1 at 2009-09-02 18:27:13) [GET]
  [4;36;1mPost Load (0.2ms)[0m   [0;1mSELECT * FROM `posts` [0m
Rendering template within layouts/application
Rendering blogs/index
  [4;35;1mPost Columns (1.2ms)[0m   [0mSHOW FIELDS FROM `posts`[0m
Rendered layouts/_menu (1.1ms)
Completed in 35ms (View: 17, DB: 2) | 200 OK [http://localhost/blogs]
  [4;36;1mSQL (0.1ms)[0m   [0;1mSET NAMES 'utf8'[0m
  [4;35;1mSQL (0.1ms)[0m   [0mSET SQL_AUTO_IS_NULL=0[0m


Processing BlogsController#index (for 127.0.0.1 at 2009-09-02 18:27:14) [GET]
  [4;36;1mPost Load (0.2ms)[0m   [0;1mSELECT * FROM `posts` [0m
Rendering template within layouts/application
Rendering blogs/index
  [4;35;1mPost Columns (1.8ms)[0m   [0mSHOW FIELDS FROM `posts`[0m
Rendered layouts/_menu (0.2ms)
Completed in 26ms (View: 14, DB: 2) | 200 OK [http://localhost/blogs]
  [4;36;1mSQL (0.1ms)[0m   [0;1mSET NAMES 'utf8'[0m
  [4;35;1mSQL (0.1ms)[0m   [0mSET SQL_AUTO_IS_NULL=0[0m


Processing BlogsController#edit (for 127.0.0.1 at 2009-09-02 18:27:15) [GET]
  Parameters: {"id"=>"16"}
  [4;36;1mPost Columns (1.0ms)[0m   [0;1mSHOW FIELDS FROM `posts`[0m
  [4;35;1mPost Load (0.2ms)[0m   [0mSELECT * FROM `posts` WHERE (`posts`.`id` = 16) [0m
Rendering template within layouts/application
Rendering blogs/edit

ActionView::TemplateError (blog_url failed to generate from {:action=>"show", :controller=>"blogs", :id=>nil}, expected: {:action=>"show", :controller=>"blogs"}, diff: {:id=>nil}) on line #2 of app/views/blogs/edit.html.erb:
1: <h1>Editing post</h1>
2: <% form_for :post , :url => blog_path(@blog) , :html => {:method => :put} do |f| -%>
3:     <%= f.error_messages %>
4:     <div><%= f.text_field :title %>
5:     <div><%= f.text_area :content %></div>

    (eval):16:in `blog_path'
    app/views/blogs/edit.html.erb:2
    /usr/lib/ruby/1.8/webrick/httpserver.rb:104:in `service'
    /usr/lib/ruby/1.8/webrick/httpserver.rb:65:in `run'
    /usr/lib/ruby/1.8/webrick/server.rb:173:in `start_thread'
    /usr/lib/ruby/1.8/webrick/server.rb:162:in `start'
    /usr/lib/ruby/1.8/webrick/server.rb:162:in `start_thread'
    /usr/lib/ruby/1.8/webrick/server.rb:95:in `start'
    /usr/lib/ruby/1.8/webrick/server.rb:92:in `each'
    /usr/lib/ruby/1.8/webrick/server.rb:92:in `start'
    /usr/lib/ruby/1.8/webrick/server.rb:23:in `start'
    /usr/lib/ruby/1.8/webrick/server.rb:82:in `start'

Rendered rescues/_trace (65.2ms)
Rendered rescues/_request_and_response (0.5ms)
Rendering rescues/layout (internal_server_error)
  [4;36;1mSQL (0.1ms)[0m   [0;1mSET NAMES 'utf8'[0m
  [4;35;1mSQL (0.1ms)[0m   [0mSET SQL_AUTO_IS_NULL=0[0m


Processing BlogsController#edit (for 127.0.0.1 at 2009-09-02 18:27:32) [GET]
  Parameters: {"id"=>"16"}
  [4;36;1mPost Columns (1.0ms)[0m   [0;1mSHOW FIELDS FROM `posts`[0m
  [4;35;1mPost Load (1.3ms)[0m   [0mSELECT * FROM `posts` WHERE (`posts`.`id` = 16) [0m
Rendering template within layouts/application
Rendering blogs/edit
Rendered layouts/_menu (0.2ms)
Completed in 32ms (View: 13, DB: 3) | 200 OK [http://localhost/blogs/16/edit]
  [4;36;1mSQL (0.1ms)[0m   [0;1mSET NAMES 'utf8'[0m
  [4;35;1mSQL (0.1ms)[0m   [0mSET SQL_AUTO_IS_NULL=0[0m


Processing BlogsController#edit (for 127.0.0.1 at 2009-09-02 18:31:40) [GET]
  Parameters: {"id"=>"16"}
  [4;36;1mPost Columns (1.9ms)[0m   [0;1mSHOW FIELDS FROM `posts`[0m
  [4;35;1mPost Load (0.2ms)[0m   [0mSELECT * FROM `posts` WHERE (`posts`.`id` = 16) [0m
Rendering template within layouts/application
Rendering blogs/edit
Rendered layouts/_menu (0.2ms)
Completed in 116ms (View: 15, DB: 2) | 200 OK [http://localhost/blogs/16/edit]
  [4;36;1mSQL (0.1ms)[0m   [0;1mSET NAMES 'utf8'[0m
  [4;35;1mSQL (0.2ms)[0m   [0mSET SQL_AUTO_IS_NULL=0[0m


Processing BlogsController#edit (for 127.0.0.1 at 2009-09-02 18:38:17) [GET]
  Parameters: {"id"=>"16"}
  [4;36;1mPost Columns (1.2ms)[0m   [0;1mSHOW FIELDS FROM `posts`[0m
  [4;35;1mPost Load (0.1ms)[0m   [0mSELECT * FROM `posts` WHERE (`posts`.`id` = 16) [0m
Rendering template within layouts/application
Rendering blogs/edit
Rendered layouts/_menu (0.2ms)
Completed in 31ms (View: 12, DB: 2) | 200 OK [http://localhost/blogs/16/edit]
  [4;36;1mSQL (0.1ms)[0m   [0;1mSET NAMES 'utf8'[0m
  [4;35;1mSQL (0.1ms)[0m   [0mSET SQL_AUTO_IS_NULL=0[0m


Processing BlogsController#edit (for 127.0.0.1 at 2009-09-02 18:38:22) [GET]
  Parameters: {"id"=>"16"}
  [4;36;1mPost Columns (1.0ms)[0m   [0;1mSHOW FIELDS FROM `posts`[0m
  [4;35;1mPost Load (0.2ms)[0m   [0mSELECT * FROM `posts` WHERE (`posts`.`id` = 16) [0m
Rendering template within layouts/application
Rendering blogs/edit
Rendered layouts/_menu (0.1ms)
Completed in 30ms (View: 20, DB: 1) | 200 OK [http://localhost/blogs/16/edit]
  [4;36;1mSQL (0.1ms)[0m   [0;1mSET NAMES 'utf8'[0m
  [4;35;1mSQL (0.1ms)[0m   [0mSET SQL_AUTO_IS_NULL=0[0m


Processing BlogsController#update (for 127.0.0.1 at 2009-09-02 18:38:37) [PUT]
  Parameters: {"commit"=>"Submit", "post"=>{"title"=>"test", "content"=>"test123"}, "authenticity_token"=>"ASw9wUMK64AUVdLKaSrhbDQtK4RBG9UmhfW3VznOdlo=", "id"=>"16"}
  [4;36;1mPost Columns (1.0ms)[0m   [0;1mSHOW FIELDS FROM `posts`[0m
  [4;35;1mPost Load (0.1ms)[0m   [0mSELECT * FROM `posts` WHERE (`posts`.`id` = 16) [0m
  [4;36;1mSQL (0.1ms)[0m   [0;1mBEGIN[0m
  [4;35;1mSQL (0.1ms)[0m   [0mCOMMIT[0m
Redirected to http://localhost:3000/blogs/16
Completed in 20ms (DB: 2) | 302 Found [http://localhost/blogs/16]
  [4;36;1mSQL (0.1ms)[0m   [0;1mSET NAMES 'utf8'[0m
  [4;35;1mSQL (0.4ms)[0m   [0mSET SQL_AUTO_IS_NULL=0[0m


Processing BlogsController#show (for 127.0.0.1 at 2009-09-02 18:38:37) [GET]
  Parameters: {"id"=>"16"}
  [4;36;1mPost Columns (1.0ms)[0m   [0;1mSHOW FIELDS FROM `posts`[0m
  [4;35;1mPost Load (0.2ms)[0m   [0mSELECT * FROM `posts` WHERE (`posts`.`id` = 16) [0m
Rendering template within layouts/application
Rendering blogs/show
Rendered layouts/_menu (0.2ms)
Completed in 17ms (View: 7, DB: 2) | 200 OK [http://localhost/blogs/16]
  [4;36;1mSQL (0.1ms)[0m   [0;1mSET NAMES 'utf8'[0m
  [4;35;1mSQL (0.2ms)[0m   [0mSET SQL_AUTO_IS_NULL=0[0m


Processing BlogsController#edit (for 127.0.0.1 at 2009-09-02 18:38:47) [GET]
  Parameters: {"id"=>"16"}
  [4;36;1mPost Columns (1.1ms)[0m   [0;1mSHOW FIELDS FROM `posts`[0m
  [4;35;1mPost Load (0.2ms)[0m   [0mSELECT * FROM `posts` WHERE (`posts`.`id` = 16) [0m
Rendering template within layouts/application
Rendering blogs/edit
Rendered layouts/_menu (0.2ms)
Completed in 34ms (View: 9, DB: 1) | 200 OK [http://localhost/blogs/16/edit]
  [4;36;1mSQL (0.1ms)[0m   [0;1mSET NAMES 'utf8'[0m
  [4;35;1mSQL (0.1ms)[0m   [0mSET SQL_AUTO_IS_NULL=0[0m


Processing BlogsController#update (for 127.0.0.1 at 2009-09-02 18:38:49) [PUT]
  Parameters: {"commit"=>"Submit", "post"=>{"title"=>"test", "content"=>"test123"}, "authenticity_token"=>"ASw9wUMK64AUVdLKaSrhbDQtK4RBG9UmhfW3VznOdlo=", "id"=>"16"}
  [4;36;1mPost Columns (1.0ms)[0m   [0;1mSHOW FIELDS FROM `posts`[0m
  [4;35;1mPost Load (0.2ms)[0m   [0mSELECT * FROM `posts` WHERE (`posts`.`id` = 16) [0m
  [4;36;1mSQL (0.1ms)[0m   [0;1mBEGIN[0m
  [4;35;1mPost Update (0.5ms)[0m   [0mUPDATE `posts` SET `content` = 'test123', `updated_at` = '2009-09-02 10:38:49' WHERE `id` = 16[0m
  [4;36;1mSQL (2.4ms)[0m   [0;1mCOMMIT[0m
Redirected to http://localhost:3000/blogs/16
Completed in 19ms (DB: 4) | 302 Found [http://localhost/blogs/16]
  [4;35;1mSQL (0.1ms)[0m   [0mSET NAMES 'utf8'[0m
  [4;36;1mSQL (0.3ms)[0m   [0;1mSET SQL_AUTO_IS_NULL=0[0m


Processing BlogsController#show (for 127.0.0.1 at 2009-09-02 18:38:49) [GET]
  Parameters: {"id"=>"16"}
  [4;35;1mPost Columns (1.0ms)[0m   [0mSHOW FIELDS FROM `posts`[0m
  [4;36;1mPost Load (0.5ms)[0m   [0;1mSELECT * FROM `posts` WHERE (`posts`.`id` = 16) [0m
Rendering template within layouts/application
Rendering blogs/show
Rendered layouts/_menu (0.2ms)
Completed in 18ms (View: 7, DB: 2) | 200 OK [http://localhost/blogs/16]
  [4;35;1mSQL (0.1ms)[0m   [0mSET NAMES 'utf8'[0m
  [4;36;1mSQL (0.1ms)[0m   [0;1mSET SQL_AUTO_IS_NULL=0[0m


Processing BlogsController#index (for 127.0.0.1 at 2009-09-02 18:41:16) [GET]
  [4;35;1mPost Load (0.4ms)[0m   [0mSELECT * FROM `posts` [0m
Rendering template within layouts/application
Rendering blogs/index
  [4;36;1mPost Columns (15.3ms)[0m   [0;1mSHOW FIELDS FROM `posts`[0m
Rendered layouts/_menu (0.1ms)
Completed in 37ms (View: 13, DB: 16) | 200 OK [http://localhost/blogs]
  [4;35;1mSQL (0.1ms)[0m   [0mSET NAMES 'utf8'[0m
  [4;36;1mSQL (0.1ms)[0m   [0;1mSET SQL_AUTO_IS_NULL=0[0m


Processing BlogsController#edit (for 127.0.0.1 at 2009-09-02 18:41:26) [GET]
  Parameters: {"id"=>"16"}
  [4;35;1mPost Columns (1.0ms)[0m   [0mSHOW FIELDS FROM `posts`[0m
  [4;36;1mPost Load (0.2ms)[0m   [0;1mSELECT * FROM `posts` WHERE (`posts`.`id` = 16) [0m
Rendering template within layouts/application
Rendering blogs/edit
Rendered layouts/_menu (0.1ms)
Completed in 18ms (View: 8, DB: 1) | 200 OK [http://localhost/blogs/16/edit]
  [4;35;1mSQL (0.1ms)[0m   [0mSET NAMES 'utf8'[0m
  [4;36;1mSQL (0.1ms)[0m   [0;1mSET SQL_AUTO_IS_NULL=0[0m


Processing BlogsController#update (for 127.0.0.1 at 2009-09-02 18:42:35) [PUT]
  Parameters: {"commit"=>"Submit", "post"=>{"title"=>"test", "content"=>"test123234"}, "authenticity_token"=>"ASw9wUMK64AUVdLKaSrhbDQtK4RBG9UmhfW3VznOdlo=", "id"=>"16"}
  [4;35;1mPost Columns (1.2ms)[0m   [0mSHOW FIELDS FROM `posts`[0m
  [4;36;1mPost Load (0.1ms)[0m   [0;1mSELECT * FROM `posts` WHERE (`posts`.`id` = 16) [0m
  [4;35;1mSQL (0.1ms)[0m   [0mBEGIN[0m
  [4;36;1mPost Update (0.5ms)[0m   [0;1mUPDATE `posts` SET `content` = 'test123234', `updated_at` = '2009-09-02 10:42:35' WHERE `id` = 16[0m
  [4;35;1mSQL (35.2ms)[0m   [0mCOMMIT[0m
Redirected to http://localhost:3000/blogs/16
Completed in 53ms (DB: 37) | 302 Found [http://localhost/blogs/16]
  [4;36;1mSQL (0.1ms)[0m   [0;1mSET NAMES 'utf8'[0m
  [4;35;1mSQL (0.1ms)[0m   [0mSET SQL_AUTO_IS_NULL=0[0m


Processing BlogsController#show (for 127.0.0.1 at 2009-09-02 18:42:35) [GET]
  Parameters: {"id"=>"16"}
  [4;36;1mPost Columns (2.5ms)[0m   [0;1mSHOW FIELDS FROM `posts`[0m
  [4;35;1mPost Load (0.5ms)[0m   [0mSELECT * FROM `posts` WHERE (`posts`.`id` = 16) [0m
Rendering template within layouts/application
Rendering blogs/show
Rendered layouts/_menu (0.1ms)
Completed in 24ms (View: 6, DB: 3) | 200 OK [http://localhost/blogs/16]
  [4;36;1mSQL (0.1ms)[0m   [0;1mSET NAMES 'utf8'[0m
  [4;35;1mSQL (0.2ms)[0m   [0mSET SQL_AUTO_IS_NULL=0[0m


Processing BlogsController#edit (for 127.0.0.1 at 2009-09-02 18:43:21) [GET]
  Parameters: {"id"=>"16"}
  [4;36;1mPost Columns (15.7ms)[0m   [0;1mSHOW FIELDS FROM `posts`[0m
  [4;35;1mPost Load (0.2ms)[0m   [0mSELECT * FROM `posts` WHERE (`posts`.`id` = 16) [0m
Rendering template within layouts/application
Rendering blogs/edit
Rendered layouts/_menu (0.2ms)
Completed in 35ms (View: 9, DB: 16) | 200 OK [http://localhost/blogs/16/edit]
  [4;36;1mSQL (0.1ms)[0m   [0;1mSET NAMES 'utf8'[0m
  [4;35;1mSQL (0.2ms)[0m   [0mSET SQL_AUTO_IS_NULL=0[0m


Processing BlogsController#update (for 127.0.0.1 at 2009-09-02 18:43:33) [PUT]
  Parameters: {"commit"=>"Submit", "post"=>{"title"=>"test", "content"=>"Test123"}, "authenticity_token"=>"ASw9wUMK64AUVdLKaSrhbDQtK4RBG9UmhfW3VznOdlo=", "id"=>"16"}
  [4;36;1mPost Columns (1.0ms)[0m   [0;1mSHOW FIELDS FROM `posts`[0m
  [4;35;1mPost Load (0.2ms)[0m   [0mSELECT * FROM `posts` WHERE (`posts`.`id` = 16) [0m
  [4;36;1mSQL (0.1ms)[0m   [0;1mBEGIN[0m
  [4;35;1mSQL (0.1ms)[0m   [0mCOMMIT[0m
Redirected to http://localhost:3000/blogs/16
Completed in 15ms (DB: 2) | 302 Found [http://localhost/blogs/16]
  [4;36;1mSQL (0.1ms)[0m   [0;1mSET NAMES 'utf8'[0m
  [4;35;1mSQL (0.1ms)[0m   [0mSET SQL_AUTO_IS_NULL=0[0m


Processing BlogsController#show (for 127.0.0.1 at 2009-09-02 18:43:33) [GET]
  Parameters: {"id"=>"16"}
  [4;36;1mPost Columns (1.1ms)[0m   [0;1mSHOW FIELDS FROM `posts`[0m
  [4;35;1mPost Load (0.2ms)[0m   [0mSELECT * FROM `posts` WHERE (`posts`.`id` = 16) [0m
Rendering template within layouts/application
Rendering blogs/show
Rendered layouts/_menu (0.2ms)
Completed in 18ms (View: 7, DB: 1) | 200 OK [http://localhost/blogs/16]
  [4;36;1mSQL (0.1ms)[0m   [0;1mSET NAMES 'utf8'[0m
  [4;35;1mSQL (0.1ms)[0m   [0mSET SQL_AUTO_IS_NULL=0[0m


Processing BlogsController#edit (for 127.0.0.1 at 2009-09-02 18:44:31) [GET]
  Parameters: {"id"=>"16"}
  [4;36;1mPost Columns (1.0ms)[0m   [0;1mSHOW FIELDS FROM `posts`[0m
  [4;35;1mPost Load (20.1ms)[0m   [0mSELECT * FROM `posts` WHERE (`posts`.`id` = 16) [0m
Rendering template within layouts/application
Rendering blogs/edit
Rendered layouts/_menu (0.1ms)
Completed in 38ms (View: 8, DB: 21) | 200 OK [http://localhost/blogs/16/edit]
  [4;36;1mSQL (0.1ms)[0m   [0;1mSET NAMES 'utf8'[0m
  [4;35;1mSQL (0.1ms)[0m   [0mSET SQL_AUTO_IS_NULL=0[0m


Processing BlogsController#update (for 127.0.0.1 at 2009-09-02 18:44:39) [PUT]
  Parameters: {"commit"=>"Submit", "post"=>{"title"=>"test", "content"=>"Test"}, "authenticity_token"=>"ASw9wUMK64AUVdLKaSrhbDQtK4RBG9UmhfW3VznOdlo=", "id"=>"16"}
  [4;36;1mPost Columns (1.0ms)[0m   [0;1mSHOW FIELDS FROM `posts`[0m
  [4;35;1mPost Load (0.2ms)[0m   [0mSELECT * FROM `posts` WHERE (`posts`.`id` = 16) [0m
  [4;36;1mSQL (0.1ms)[0m   [0;1mBEGIN[0m
  [4;35;1mSQL (0.1ms)[0m   [0mCOMMIT[0m
Redirected to http://localhost:3000/blogs/16
Completed in 28ms (DB: 2) | 302 Found [http://localhost/blogs/16]
  [4;36;1mSQL (0.1ms)[0m   [0;1mSET NAMES 'utf8'[0m
  [4;35;1mSQL (0.1ms)[0m   [0mSET SQL_AUTO_IS_NULL=0[0m


Processing BlogsController#show (for 127.0.0.1 at 2009-09-02 18:44:39) [GET]
  Parameters: {"id"=>"16"}
  [4;36;1mPost Columns (1.0ms)[0m   [0;1mSHOW FIELDS FROM `posts`[0m
  [4;35;1mPost Load (0.1ms)[0m   [0mSELECT * FROM `posts` WHERE (`posts`.`id` = 16) [0m
Rendering template within layouts/application
Rendering blogs/show
Rendered layouts/_menu (0.2ms)
Completed in 17ms (View: 7, DB: 1) | 200 OK [http://localhost/blogs/16]
  [4;36;1mSQL (0.1ms)[0m   [0;1mSET NAMES 'utf8'[0m
  [4;35;1mSQL (0.2ms)[0m   [0mSET SQL_AUTO_IS_NULL=0[0m


Processing BlogsController#edit (for 127.0.0.1 at 2009-09-02 18:44:58) [GET]
  Parameters: {"id"=>"16"}
  [4;36;1mPost Columns (1.0ms)[0m   [0;1mSHOW FIELDS FROM `posts`[0m
  [4;35;1mPost Load (0.1ms)[0m   [0mSELECT * FROM `posts` WHERE (`posts`.`id` = 16) [0m
Rendering template within layouts/application
Rendering blogs/edit
Rendered layouts/_menu (0.1ms)
Completed in 32ms (View: 22, DB: 1) | 200 OK [http://localhost/blogs/16/edit]
  [4;36;1mSQL (0.1ms)[0m   [0;1mSET NAMES 'utf8'[0m
  [4;35;1mSQL (0.1ms)[0m   [0mSET SQL_AUTO_IS_NULL=0[0m


Processing BlogsController#update (for 127.0.0.1 at 2009-09-02 18:45:02) [PUT]
  Parameters: {"commit"=>"Submit", "post"=>{"title"=>"test", "content"=>"Test"}, "authenticity_token"=>"ASw9wUMK64AUVdLKaSrhbDQtK4RBG9UmhfW3VznOdlo=", "id"=>"16"}
  [4;36;1mPost Columns (1.4ms)[0m   [0;1mSHOW FIELDS FROM `posts`[0m
  [4;35;1mPost Load (0.2ms)[0m   [0mSELECT * FROM `posts` WHERE (`posts`.`id` = 16) [0m
  [4;36;1mSQL (0.1ms)[0m   [0;1mBEGIN[0m
  [4;35;1mPost Update (0.5ms)[0m   [0mUPDATE `posts` SET `content` = 'Test', `updated_at` = '2009-09-02 10:45:02' WHERE `id` = 16[0m
  [4;36;1mSQL (2.6ms)[0m   [0;1mCOMMIT[0m
Redirected to http://localhost:3000/blogs/16
Completed in 38ms (DB: 5) | 302 Found [http://localhost/blogs/16]
  [4;35;1mSQL (0.1ms)[0m   [0mSET NAMES 'utf8'[0m
  [4;36;1mSQL (0.1ms)[0m   [0;1mSET SQL_AUTO_IS_NULL=0[0m


Processing BlogsController#show (for 127.0.0.1 at 2009-09-02 18:45:03) [GET]
  Parameters: {"id"=>"16"}
  [4;35;1mPost Columns (1.8ms)[0m   [0mSHOW FIELDS FROM `posts`[0m
  [4;36;1mPost Load (0.4ms)[0m   [0;1mSELECT * FROM `posts` WHERE (`posts`.`id` = 16) [0m
Rendering template within layouts/application
Rendering blogs/show
Rendered layouts/_menu (0.2ms)
Completed in 21ms (View: 8, DB: 3) | 200 OK [http://localhost/blogs/16]
