# Logfile created on Wed Sep 09 11:54:58 +0800 2009  [4;36;1mSQL (0.3ms)[0m   [0;1mSET NAMES 'utf8'[0m
  [4;35;1mSQL (0.2ms)[0m   [0mSET SQL_AUTO_IS_NULL=0[0m
  [4;36;1mSQL (0.1ms)[0m   [0;1mBEGIN[0m
  [4;35;1mSQL (0.1ms)[0m   [0mROLLBACK[0m
  [4;36;1mSQL (0.1ms)[0m   [0;1mBEGIN[0m
  [4;35;1mSQL (0.1ms)[0m   [0mROLLBACK[0m
  [4;36;1mSQL (0.2ms)[0m   [0;1mSET NAMES 'utf8'[0m
  [4;35;1mSQL (0.2ms)[0m   [0mSET SQL_AUTO_IS_NULL=0[0m
  [4;36;1mSQL (0.1ms)[0m   [0;1mBEGIN[0m
REQUESTING PAGE: GET /signup with {} and HTTP headers {}


Processing UsersController#new (for 127.0.0.1 at 2009-09-09 12:02:50) [GET]
  [4;35;1mUser Columns (2.0ms)[0m   [0mSHOW FIELDS FROM `users`[0m
Rendering template within layouts/application
Rendering users/new
Completed in 36ms (View: 28, DB: 2) | 200 OK [http://www.example.com/signup]
REQUESTING PAGE: POST /users with {"commit"=>"注册", "user"=>{"password_confirmation"=>"verify password", "username"=>"invalid username", "password"=>"password", "email"=>"invalid email"}} and HTTP headers {"HTTP_REFERER"=>"/signup"}


Processing UsersController#create (for 127.0.0.1 at 2009-09-09 12:02:50) [POST]
  Parameters: {"commit"=>"注册", "user"=>{"password_confirmation"=>"verify password", "username"=>"invalid username", "password"=>"password", "email"=>"invalid email"}}
  [4;36;1mSQL (0.1ms)[0m   [0;1mSAVEPOINT active_record_1[0m
  [4;35;1mUser Create (0.4ms)[0m   [0mINSERT INTO `users` (`encrypted_password`, `created_at`, `updated_at`, `username`, `password_salt`, `email`) VALUES(NULL, '2009-09-09 04:02:50', '2009-09-09 04:02:50', 'invalid username', NULL, 'invalid email')[0m
  [4;36;1mSQL (0.1ms)[0m   [0;1mRELEASE SAVEPOINT active_record_1[0m
Redirected to http://www.example.com/users/1
Completed in 46ms (DB: 1) | 302 Found [http://www.example.com/users]
REQUESTING PAGE: GET http://www.example.com/users/1 with {} and HTTP headers {"HTTP_REFERER"=>"/users"}


Processing UsersController#show (for 127.0.0.1 at 2009-09-09 12:02:50) [GET]
  Parameters: {"id"=>"1"}
  [4;35;1mUser Load (70.0ms)[0m   [0mSELECT * FROM `users` WHERE (`users`.`id` = 1) [0m
Rendering template within layouts/application
Rendering users/show
Completed in 75ms (View: 3, DB: 70) | 200 OK [http://www.example.com/users/1]
  [4;36;1mSQL (2.2ms)[0m   [0;1mROLLBACK[0m
  [4;35;1mSQL (0.1ms)[0m   [0mBEGIN[0m
REQUESTING PAGE: GET /signup with {} and HTTP headers {}


Processing UsersController#new (for 127.0.0.1 at 2009-09-09 12:02:50) [GET]
Rendering template within layouts/application
Rendering users/new
Completed in 7ms (View: 6, DB: 2) | 200 OK [http://www.example.com/signup]
REQUESTING PAGE: POST /users with {"commit"=>"注册", "user"=>{"password_confirmation"=>"password", "username"=>"404", "password"=>"password", "email"=>"xuliicom@gmail.com"}} and HTTP headers {"HTTP_REFERER"=>"/signup"}


Processing UsersController#create (for 127.0.0.1 at 2009-09-09 12:02:50) [POST]
  Parameters: {"commit"=>"注册", "user"=>{"password_confirmation"=>"password", "username"=>"404", "password"=>"password", "email"=>"xuliicom@gmail.com"}}
  [4;36;1mSQL (0.5ms)[0m   [0;1mSAVEPOINT active_record_1[0m
  [4;35;1mUser Create (0.4ms)[0m   [0mINSERT INTO `users` (`encrypted_password`, `created_at`, `updated_at`, `username`, `password_salt`, `email`) VALUES(NULL, '2009-09-09 04:02:50', '2009-09-09 04:02:50', '404', NULL, 'xuliicom@gmail.com')[0m
  [4;36;1mSQL (0.1ms)[0m   [0;1mRELEASE SAVEPOINT active_record_1[0m
Redirected to http://www.example.com/users/2
Completed in 7ms (DB: 1) | 302 Found [http://www.example.com/users]
REQUESTING PAGE: GET http://www.example.com/users/2 with {} and HTTP headers {"HTTP_REFERER"=>"/users"}


Processing UsersController#show (for 127.0.0.1 at 2009-09-09 12:02:50) [GET]
  Parameters: {"id"=>"2"}
  [4;35;1mUser Load (0.4ms)[0m   [0mSELECT * FROM `users` WHERE (`users`.`id` = 2) [0m
Rendering template within layouts/application
Rendering users/show
Completed in 5ms (View: 2, DB: 0) | 200 OK [http://www.example.com/users/2]
  [4;36;1mSQL (0.6ms)[0m   [0;1mROLLBACK[0m
  [4;36;1mSQL (0.2ms)[0m   [0;1mSET NAMES 'utf8'[0m
  [4;35;1mSQL (0.1ms)[0m   [0mSET SQL_AUTO_IS_NULL=0[0m
  [4;36;1mSQL (0.1ms)[0m   [0;1mBEGIN[0m
REQUESTING PAGE: GET /signup with {} and HTTP headers {}


Processing UsersController#new (for 127.0.0.1 at 2009-09-09 12:09:32) [GET]
  [4;35;1mUser Columns (1.1ms)[0m   [0mSHOW FIELDS FROM `users`[0m
Rendering template within layouts/application
Rendering users/new
Completed in 30ms (View: 21, DB: 2) | 200 OK [http://www.example.com/signup]
REQUESTING PAGE: POST /users with {"commit"=>"注册", "user"=>{"password_confirmation"=>"verify password", "username"=>"invalid username", "password"=>"password", "email"=>"invalid email"}} and HTTP headers {"HTTP_REFERER"=>"/signup"}


Processing UsersController#create (for 127.0.0.1 at 2009-09-09 12:09:32) [POST]
  Parameters: {"commit"=>"注册", "user"=>{"password_confirmation"=>"verify password", "username"=>"invalid username", "password"=>"password", "email"=>"invalid email"}}
  [4;36;1mSQL (0.1ms)[0m   [0;1mSAVEPOINT active_record_1[0m
  [4;35;1mUser Create (0.4ms)[0m   [0mINSERT INTO `users` (`encrypted_password`, `created_at`, `updated_at`, `username`, `password_salt`, `email`) VALUES(NULL, '2009-09-09 04:09:32', '2009-09-09 04:09:32', 'invalid username', NULL, 'invalid email')[0m
  [4;36;1mSQL (0.1ms)[0m   [0;1mRELEASE SAVEPOINT active_record_1[0m
Redirected to http://www.example.com/users/3
Completed in 19ms (DB: 1) | 302 Found [http://www.example.com/users]
REQUESTING PAGE: GET http://www.example.com/users/3 with {} and HTTP headers {"HTTP_REFERER"=>"/users"}


Processing UsersController#show (for 127.0.0.1 at 2009-09-09 12:09:33) [GET]
  Parameters: {"id"=>"3"}
  [4;35;1mUser Load (0.8ms)[0m   [0mSELECT * FROM `users` WHERE (`users`.`id` = 3) [0m
Rendering template within layouts/application
Rendering users/show
Completed in 5ms (View: 3, DB: 1) | 200 OK [http://www.example.com/users/3]
  [4;36;1mSQL (15.6ms)[0m   [0;1mROLLBACK[0m
  [4;35;1mSQL (0.1ms)[0m   [0mBEGIN[0m
REQUESTING PAGE: GET /signup with {} and HTTP headers {}


Processing UsersController#new (for 127.0.0.1 at 2009-09-09 12:09:33) [GET]
Rendering template within layouts/application
Rendering users/new
Completed in 6ms (View: 6, DB: 16) | 200 OK [http://www.example.com/signup]
REQUESTING PAGE: POST /users with {"commit"=>"注册", "user"=>{"password_confirmation"=>"password", "username"=>"404", "password"=>"password", "email"=>"xuliicom@gmail.com"}} and HTTP headers {"HTTP_REFERER"=>"/signup"}


Processing UsersController#create (for 127.0.0.1 at 2009-09-09 12:09:33) [POST]
  Parameters: {"commit"=>"注册", "user"=>{"password_confirmation"=>"password", "username"=>"404", "password"=>"password", "email"=>"xuliicom@gmail.com"}}
  [4;36;1mSQL (0.1ms)[0m   [0;1mSAVEPOINT active_record_1[0m
  [4;35;1mUser Create (0.4ms)[0m   [0mINSERT INTO `users` (`encrypted_password`, `created_at`, `updated_at`, `username`, `password_salt`, `email`) VALUES(NULL, '2009-09-09 04:09:33', '2009-09-09 04:09:33', '404', NULL, 'xuliicom@gmail.com')[0m
  [4;36;1mSQL (0.1ms)[0m   [0;1mRELEASE SAVEPOINT active_record_1[0m
Redirected to http://www.example.com/users/4
Completed in 7ms (DB: 1) | 302 Found [http://www.example.com/users]
REQUESTING PAGE: GET http://www.example.com/users/4 with {} and HTTP headers {"HTTP_REFERER"=>"/users"}


Processing UsersController#show (for 127.0.0.1 at 2009-09-09 12:09:33) [GET]
  Parameters: {"id"=>"4"}
  [4;35;1mUser Load (0.5ms)[0m   [0mSELECT * FROM `users` WHERE (`users`.`id` = 4) [0m
Rendering template within layouts/application
Rendering users/show
Completed in 5ms (View: 2, DB: 0) | 200 OK [http://www.example.com/users/4]
  [4;36;1mSQL (0.8ms)[0m   [0;1mROLLBACK[0m
  [4;36;1mSQL (32.8ms)[0m   [0;1mSET NAMES 'utf8'[0m
  [4;35;1mSQL (0.8ms)[0m   [0mSET SQL_AUTO_IS_NULL=0[0m
  [4;36;1mSQL (0.2ms)[0m   [0;1mBEGIN[0m
REQUESTING PAGE: GET /signup with {} and HTTP headers {}


Processing UsersController#new (for 127.0.0.1 at 2009-09-09 13:38:19) [GET]
  [4;35;1mUser Columns (75.2ms)[0m   [0mSHOW FIELDS FROM `users`[0m
Rendering template within layouts/application
Rendering users/new
Completed in 138ms (View: 57, DB: 109) | 200 OK [http://www.example.com/signup]
REQUESTING PAGE: POST /users with {"commit"=>"注册", "user"=>{"password_confirmation"=>"verify password", "username"=>"invalid username", "password"=>"password", "email"=>"invalid email"}} and HTTP headers {"HTTP_REFERER"=>"/signup"}


Processing UsersController#create (for 127.0.0.1 at 2009-09-09 13:38:19) [POST]
  Parameters: {"commit"=>"注册", "user"=>{"password_confirmation"=>"verify password", "username"=>"invalid username", "password"=>"password", "email"=>"invalid email"}}
  [4;36;1mSQL (0.1ms)[0m   [0;1mSAVEPOINT active_record_1[0m
  [4;35;1mUser Load (36.4ms)[0m   [0mSELECT `users`.id FROM `users` WHERE (`users`.`username` = BINARY 'invalid username') LIMIT 1[0m
  [4;36;1mUser Load (0.4ms)[0m   [0;1mSELECT `users`.id FROM `users` WHERE (`users`.`email` = BINARY 'invalid email') LIMIT 1[0m
  [4;35;1mSQL (1.3ms)[0m   [0mROLLBACK TO SAVEPOINT active_record_1[0m
Rendering template within layouts/application
Rendering users/new
Completed in 63ms (View: 10, DB: 38) | 200 OK [http://www.example.com/users]
  [4;36;1mSQL (0.1ms)[0m   [0;1mROLLBACK[0m
  [4;35;1mSQL (0.1ms)[0m   [0mBEGIN[0m
REQUESTING PAGE: GET /signup with {} and HTTP headers {}


Processing UsersController#new (for 127.0.0.1 at 2009-09-09 13:38:19) [GET]
Rendering template within layouts/application
Rendering users/new
Completed in 16ms (View: 15, DB: 0) | 200 OK [http://www.example.com/signup]
REQUESTING PAGE: POST /users with {"commit"=>"注册", "user"=>{"password_confirmation"=>"password", "username"=>"404", "password"=>"password", "email"=>"xuliicom@gmail.com"}} and HTTP headers {"HTTP_REFERER"=>"/signup"}


Processing UsersController#create (for 127.0.0.1 at 2009-09-09 13:38:19) [POST]
  Parameters: {"commit"=>"注册", "user"=>{"password_confirmation"=>"password", "username"=>"404", "password"=>"password", "email"=>"xuliicom@gmail.com"}}
  [4;36;1mSQL (0.1ms)[0m   [0;1mSAVEPOINT active_record_1[0m
  [4;35;1mUser Load (0.4ms)[0m   [0mSELECT `users`.id FROM `users` WHERE (`users`.`username` = BINARY '404') LIMIT 1[0m
  [4;36;1mUser Load (0.4ms)[0m   [0;1mSELECT `users`.id FROM `users` WHERE (`users`.`email` = BINARY 'xuliicom@gmail.com') LIMIT 1[0m
  [4;35;1mUser Create (0.9ms)[0m   [0mINSERT INTO `users` (`encrypted_password`, `created_at`, `updated_at`, `username`, `password_salt`, `email`) VALUES(NULL, '2009-09-09 05:38:19', '2009-09-09 05:38:19', '404', NULL, 'xuliicom@gmail.com')[0m
  [4;36;1mSQL (0.6ms)[0m   [0;1mRELEASE SAVEPOINT active_record_1[0m
Redirected to http://www.example.com/users/5
Completed in 67ms (DB: 2) | 302 Found [http://www.example.com/users]
REQUESTING PAGE: GET http://www.example.com/users/5 with {} and HTTP headers {"HTTP_REFERER"=>"/users"}


Processing UsersController#show (for 127.0.0.1 at 2009-09-09 13:38:19) [GET]
  Parameters: {"id"=>"5"}
  [4;35;1mUser Load (0.4ms)[0m   [0mSELECT * FROM `users` WHERE (`users`.`id` = 5) [0m
Rendering template within layouts/application
Rendering users/show
Completed in 9ms (View: 5, DB: 0) | 200 OK [http://www.example.com/users/5]
  [4;36;1mSQL (25.1ms)[0m   [0;1mROLLBACK[0m
